CRITICAL - 2024-04-16 19:53:36 --> syntax error, unexpected variable "$jwt", expecting "function" or "const"
in APPPATH\Controllers\Admin.php on line 7.
 1 SYSTEMPATH\Router\Router.php(514): CodeIgniter\Router\AutoRouter->getRoute('admin/belepes', 'post')
 2 SYSTEMPATH\Router\Router.php(210): CodeIgniter\Router\Router->autoRoute('admin/belepes')
 3 SYSTEMPATH\CodeIgniter.php(823): CodeIgniter\Router\Router->handle('admin/belepes')
 4 SYSTEMPATH\CodeIgniter.php(450): CodeIgniter\CodeIgniter->tryToRouteIt(Object(CodeIgniter\Router\RouteCollection))
 5 SYSTEMPATH\CodeIgniter.php(361): CodeIgniter\CodeIgniter->handleRequest(null, Object(Config\Cache), false)
 6 FCPATH\index.php(79): CodeIgniter\CodeIgniter->run()
CRITICAL - 2024-04-16 19:54:35 --> syntax error, unexpected variable "$jwt", expecting "function" or "const"
in APPPATH\Controllers\Admin.php on line 7.
 1 SYSTEMPATH\Router\Router.php(514): CodeIgniter\Router\AutoRouter->getRoute('admin/belepes', 'post')
 2 SYSTEMPATH\Router\Router.php(210): CodeIgniter\Router\Router->autoRoute('admin/belepes')
 3 SYSTEMPATH\CodeIgniter.php(823): CodeIgniter\Router\Router->handle('admin/belepes')
 4 SYSTEMPATH\CodeIgniter.php(450): CodeIgniter\CodeIgniter->tryToRouteIt(Object(CodeIgniter\Router\RouteCollection))
 5 SYSTEMPATH\CodeIgniter.php(361): CodeIgniter\CodeIgniter->handleRequest(null, Object(Config\Cache), false)
 6 FCPATH\index.php(79): CodeIgniter\CodeIgniter->run()
CRITICAL - 2024-04-16 19:55:01 --> syntax error, unexpected variable "$jwt", expecting "function" or "const"
in APPPATH\Controllers\Admin.php on line 7.
 1 SYSTEMPATH\Router\Router.php(514): CodeIgniter\Router\AutoRouter->getRoute('admin/belepes', 'post')
 2 SYSTEMPATH\Router\Router.php(210): CodeIgniter\Router\Router->autoRoute('admin/belepes')
 3 SYSTEMPATH\CodeIgniter.php(823): CodeIgniter\Router\Router->handle('admin/belepes')
 4 SYSTEMPATH\CodeIgniter.php(450): CodeIgniter\CodeIgniter->tryToRouteIt(Object(CodeIgniter\Router\RouteCollection))
 5 SYSTEMPATH\CodeIgniter.php(361): CodeIgniter\CodeIgniter->handleRequest(null, Object(Config\Cache), false)
 6 FCPATH\index.php(79): CodeIgniter\CodeIgniter->run()
CRITICAL - 2024-04-16 19:55:03 --> syntax error, unexpected variable "$jwt", expecting "function" or "const"
in APPPATH\Controllers\Admin.php on line 7.
 1 SYSTEMPATH\Router\Router.php(514): CodeIgniter\Router\AutoRouter->getRoute('admin/belepes', 'post')
 2 SYSTEMPATH\Router\Router.php(210): CodeIgniter\Router\Router->autoRoute('admin/belepes')
 3 SYSTEMPATH\CodeIgniter.php(823): CodeIgniter\Router\Router->handle('admin/belepes')
 4 SYSTEMPATH\CodeIgniter.php(450): CodeIgniter\CodeIgniter->tryToRouteIt(Object(CodeIgniter\Router\RouteCollection))
 5 SYSTEMPATH\CodeIgniter.php(361): CodeIgniter\CodeIgniter->handleRequest(null, Object(Config\Cache), false)
 6 FCPATH\index.php(79): CodeIgniter\CodeIgniter->run()
CRITICAL - 2024-04-16 19:55:52 --> Class "App\Controllers\JWT" not found
in APPPATH\Controllers\Admin.php on line 120.
 1 SYSTEMPATH\CodeIgniter.php(942): App\Controllers\Admin->belepes()
 2 SYSTEMPATH\CodeIgniter.php(502): CodeIgniter\CodeIgniter->runController(Object(App\Controllers\Admin))
 3 SYSTEMPATH\CodeIgniter.php(361): CodeIgniter\CodeIgniter->handleRequest(null, Object(Config\Cache), false)
 4 FCPATH\index.php(79): CodeIgniter\CodeIgniter->run()
CRITICAL - 2024-04-16 19:58:47 --> Class "App\Controllers\JWT" not found
in APPPATH\Controllers\Admin.php on line 121.
 1 SYSTEMPATH\CodeIgniter.php(942): App\Controllers\Admin->belepes()
 2 SYSTEMPATH\CodeIgniter.php(502): CodeIgniter\CodeIgniter->runController(Object(App\Controllers\Admin))
 3 SYSTEMPATH\CodeIgniter.php(361): CodeIgniter\CodeIgniter->handleRequest(null, Object(Config\Cache), false)
 4 FCPATH\index.php(79): CodeIgniter\CodeIgniter->run()
CRITICAL - 2024-04-16 19:58:49 --> Class "App\Controllers\JWT" not found
in APPPATH\Controllers\Admin.php on line 121.
 1 SYSTEMPATH\CodeIgniter.php(942): App\Controllers\Admin->belepes()
 2 SYSTEMPATH\CodeIgniter.php(502): CodeIgniter\CodeIgniter->runController(Object(App\Controllers\Admin))
 3 SYSTEMPATH\CodeIgniter.php(361): CodeIgniter\CodeIgniter->handleRequest(null, Object(Config\Cache), false)
 4 FCPATH\index.php(79): CodeIgniter\CodeIgniter->run()
CRITICAL - 2024-04-16 20:01:33 --> Class "App\Controllers\JWT" not found
in APPPATH\Controllers\Admin.php on line 121.
 1 SYSTEMPATH\CodeIgniter.php(942): App\Controllers\Admin->belepes()
 2 SYSTEMPATH\CodeIgniter.php(502): CodeIgniter\CodeIgniter->runController(Object(App\Controllers\Admin))
 3 SYSTEMPATH\CodeIgniter.php(361): CodeIgniter\CodeIgniter->handleRequest(null, Object(Config\Cache), false)
 4 FCPATH\index.php(79): CodeIgniter\CodeIgniter->run()
CRITICAL - 2024-04-16 20:01:41 --> Class "App\Controllers\JWT" not found
in APPPATH\Controllers\Admin.php on line 121.
 1 SYSTEMPATH\CodeIgniter.php(942): App\Controllers\Admin->belepes()
 2 SYSTEMPATH\CodeIgniter.php(502): CodeIgniter\CodeIgniter->runController(Object(App\Controllers\Admin))
 3 SYSTEMPATH\CodeIgniter.php(361): CodeIgniter\CodeIgniter->handleRequest(null, Object(Config\Cache), false)
 4 FCPATH\index.php(79): CodeIgniter\CodeIgniter->run()
CRITICAL - 2024-04-16 20:08:15 --> Class "App\Controllers\JWT" not found
in APPPATH\Controllers\Admin.php on line 125.
 1 SYSTEMPATH\CodeIgniter.php(942): App\Controllers\Admin->belepes()
 2 SYSTEMPATH\CodeIgniter.php(502): CodeIgniter\CodeIgniter->runController(Object(App\Controllers\Admin))
 3 SYSTEMPATH\CodeIgniter.php(361): CodeIgniter\CodeIgniter->handleRequest(null, Object(Config\Cache), false)
 4 FCPATH\index.php(79): CodeIgniter\CodeIgniter->run()
CRITICAL - 2024-04-16 20:08:27 --> Class "App\Controllers\JWT" not found
in APPPATH\Controllers\Admin.php on line 125.
 1 SYSTEMPATH\CodeIgniter.php(942): App\Controllers\Admin->belepes()
 2 SYSTEMPATH\CodeIgniter.php(502): CodeIgniter\CodeIgniter->runController(Object(App\Controllers\Admin))
 3 SYSTEMPATH\CodeIgniter.php(361): CodeIgniter\CodeIgniter->handleRequest(null, Object(Config\Cache), false)
 4 FCPATH\index.php(79): CodeIgniter\CodeIgniter->run()
CRITICAL - 2024-04-16 20:09:14 --> Class "App\Controllers\JWT" not found
in APPPATH\Controllers\Admin.php on line 126.
 1 SYSTEMPATH\CodeIgniter.php(942): App\Controllers\Admin->belepes()
 2 SYSTEMPATH\CodeIgniter.php(502): CodeIgniter\CodeIgniter->runController(Object(App\Controllers\Admin))
 3 SYSTEMPATH\CodeIgniter.php(361): CodeIgniter\CodeIgniter->handleRequest(null, Object(Config\Cache), false)
 4 FCPATH\index.php(79): CodeIgniter\CodeIgniter->run()
CRITICAL - 2024-04-16 20:12:14 --> Undefined variable $jwt
in APPPATH\Controllers\Admin.php on line 148.
 1 APPPATH\Controllers\Admin.php(148): CodeIgniter\Debug\Exceptions->errorHandler(2, 'Undefined variable $jwt', 'C:\\xampp\\htdocs\\autokolcsonzo\\app\\Controllers\\Admin.php', 148)
 2 SYSTEMPATH\CodeIgniter.php(942): App\Controllers\Admin->belepes()
 3 SYSTEMPATH\CodeIgniter.php(502): CodeIgniter\CodeIgniter->runController(Object(App\Controllers\Admin))
 4 SYSTEMPATH\CodeIgniter.php(361): CodeIgniter\CodeIgniter->handleRequest(null, Object(Config\Cache), false)
 5 FCPATH\index.php(79): CodeIgniter\CodeIgniter->run()
CRITICAL - 2024-04-16 20:12:23 --> Class "App\Helpers\JWTHelper" not found
in APPPATH\Controllers\Admin.php on line 149.
 1 SYSTEMPATH\CodeIgniter.php(942): App\Controllers\Admin->belepes()
 2 SYSTEMPATH\CodeIgniter.php(502): CodeIgniter\CodeIgniter->runController(Object(App\Controllers\Admin))
 3 SYSTEMPATH\CodeIgniter.php(361): CodeIgniter\CodeIgniter->handleRequest(null, Object(Config\Cache), false)
 4 FCPATH\index.php(79): CodeIgniter\CodeIgniter->run()
CRITICAL - 2024-04-16 20:12:29 --> Class "App\Helpers\JWTHelper" not found
in APPPATH\Controllers\Admin.php on line 149.
 1 SYSTEMPATH\CodeIgniter.php(942): App\Controllers\Admin->belepes()
 2 SYSTEMPATH\CodeIgniter.php(502): CodeIgniter\CodeIgniter->runController(Object(App\Controllers\Admin))
 3 SYSTEMPATH\CodeIgniter.php(361): CodeIgniter\CodeIgniter->handleRequest(null, Object(Config\Cache), false)
 4 FCPATH\index.php(79): CodeIgniter\CodeIgniter->run()
CRITICAL - 2024-04-16 20:12:30 --> Class "App\Helpers\JWTHelper" not found
in APPPATH\Controllers\Admin.php on line 149.
 1 SYSTEMPATH\CodeIgniter.php(942): App\Controllers\Admin->belepes()
 2 SYSTEMPATH\CodeIgniter.php(502): CodeIgniter\CodeIgniter->runController(Object(App\Controllers\Admin))
 3 SYSTEMPATH\CodeIgniter.php(361): CodeIgniter\CodeIgniter->handleRequest(null, Object(Config\Cache), false)
 4 FCPATH\index.php(79): CodeIgniter\CodeIgniter->run()
CRITICAL - 2024-04-16 20:12:51 --> Class "App\Helpers\JWTHelper" not found
in APPPATH\Controllers\Admin.php on line 149.
 1 SYSTEMPATH\CodeIgniter.php(942): App\Controllers\Admin->belepes()
 2 SYSTEMPATH\CodeIgniter.php(502): CodeIgniter\CodeIgniter->runController(Object(App\Controllers\Admin))
 3 SYSTEMPATH\CodeIgniter.php(361): CodeIgniter\CodeIgniter->handleRequest(null, Object(Config\Cache), false)
 4 FCPATH\index.php(79): CodeIgniter\CodeIgniter->run()
CRITICAL - 2024-04-16 20:13:19 --> Class "App\Helpers\JWTHelper" not found
in APPPATH\Controllers\Admin.php on line 149.
 1 SYSTEMPATH\CodeIgniter.php(942): App\Controllers\Admin->belepes()
 2 SYSTEMPATH\CodeIgniter.php(502): CodeIgniter\CodeIgniter->runController(Object(App\Controllers\Admin))
 3 SYSTEMPATH\CodeIgniter.php(361): CodeIgniter\CodeIgniter->handleRequest(null, Object(Config\Cache), false)
 4 FCPATH\index.php(79): CodeIgniter\CodeIgniter->run()
CRITICAL - 2024-04-16 20:15:58 --> Class "App\Helpers\JWTHelper" not found
in APPPATH\Controllers\Admin.php on line 149.
 1 SYSTEMPATH\CodeIgniter.php(942): App\Controllers\Admin->belepes()
 2 SYSTEMPATH\CodeIgniter.php(502): CodeIgniter\CodeIgniter->runController(Object(App\Controllers\Admin))
 3 SYSTEMPATH\CodeIgniter.php(361): CodeIgniter\CodeIgniter->handleRequest(null, Object(Config\Cache), false)
 4 FCPATH\index.php(79): CodeIgniter\CodeIgniter->run()
CRITICAL - 2024-04-16 20:16:05 --> Class "App\Helpers\JWTHelper" not found
in APPPATH\Controllers\Admin.php on line 149.
 1 SYSTEMPATH\CodeIgniter.php(942): App\Controllers\Admin->belepes()
 2 SYSTEMPATH\CodeIgniter.php(502): CodeIgniter\CodeIgniter->runController(Object(App\Controllers\Admin))
 3 SYSTEMPATH\CodeIgniter.php(361): CodeIgniter\CodeIgniter->handleRequest(null, Object(Config\Cache), false)
 4 FCPATH\index.php(79): CodeIgniter\CodeIgniter->run()
CRITICAL - 2024-04-16 20:23:26 --> Undefined variable $jwt
in APPPATH\Controllers\Admin.php on line 148.
 1 APPPATH\Controllers\Admin.php(148): CodeIgniter\Debug\Exceptions->errorHandler(2, 'Undefined variable $jwt', 'C:\\xampp\\htdocs\\autokolcsonzo\\app\\Controllers\\Admin.php', 148)
 2 SYSTEMPATH\CodeIgniter.php(942): App\Controllers\Admin->belepes()
 3 SYSTEMPATH\CodeIgniter.php(502): CodeIgniter\CodeIgniter->runController(Object(App\Controllers\Admin))
 4 SYSTEMPATH\CodeIgniter.php(361): CodeIgniter\CodeIgniter->handleRequest(null, Object(Config\Cache), false)
 5 FCPATH\index.php(79): CodeIgniter\CodeIgniter->run()
CRITICAL - 2024-04-16 20:29:41 --> Undefined variable $response
in APPPATH\Controllers\Admin.php on line 232.
 1 APPPATH\Controllers\Admin.php(232): CodeIgniter\Debug\Exceptions->errorHandler(2, 'Undefined variable $response', 'C:\\xampp\\htdocs\\autokolcsonzo\\app\\Controllers\\Admin.php', 232)
 2 SYSTEMPATH\CodeIgniter.php(942): App\Controllers\Admin->adatmodosit()
 3 SYSTEMPATH\CodeIgniter.php(502): CodeIgniter\CodeIgniter->runController(Object(App\Controllers\Admin))
 4 SYSTEMPATH\CodeIgniter.php(361): CodeIgniter\CodeIgniter->handleRequest(null, Object(Config\Cache), false)
 5 FCPATH\index.php(79): CodeIgniter\CodeIgniter->run()
CRITICAL - 2024-04-16 20:29:54 --> Undefined variable $response
in APPPATH\Controllers\Admin.php on line 232.
 1 APPPATH\Controllers\Admin.php(232): CodeIgniter\Debug\Exceptions->errorHandler(2, 'Undefined variable $response', 'C:\\xampp\\htdocs\\autokolcsonzo\\app\\Controllers\\Admin.php', 232)
 2 SYSTEMPATH\CodeIgniter.php(942): App\Controllers\Admin->adatmodosit()
 3 SYSTEMPATH\CodeIgniter.php(502): CodeIgniter\CodeIgniter->runController(Object(App\Controllers\Admin))
 4 SYSTEMPATH\CodeIgniter.php(361): CodeIgniter\CodeIgniter->handleRequest(null, Object(Config\Cache), false)
 5 FCPATH\index.php(79): CodeIgniter\CodeIgniter->run()
CRITICAL - 2024-04-16 20:29:55 --> Undefined variable $response
in APPPATH\Controllers\Admin.php on line 232.
 1 APPPATH\Controllers\Admin.php(232): CodeIgniter\Debug\Exceptions->errorHandler(2, 'Undefined variable $response', 'C:\\xampp\\htdocs\\autokolcsonzo\\app\\Controllers\\Admin.php', 232)
 2 SYSTEMPATH\CodeIgniter.php(942): App\Controllers\Admin->adatmodosit()
 3 SYSTEMPATH\CodeIgniter.php(502): CodeIgniter\CodeIgniter->runController(Object(App\Controllers\Admin))
 4 SYSTEMPATH\CodeIgniter.php(361): CodeIgniter\CodeIgniter->handleRequest(null, Object(Config\Cache), false)
 5 FCPATH\index.php(79): CodeIgniter\CodeIgniter->run()
CRITICAL - 2024-04-16 20:30:42 --> Undefined variable $response
in APPPATH\Controllers\Admin.php on line 232.
 1 APPPATH\Controllers\Admin.php(232): CodeIgniter\Debug\Exceptions->errorHandler(2, 'Undefined variable $response', 'C:\\xampp\\htdocs\\autokolcsonzo\\app\\Controllers\\Admin.php', 232)
 2 SYSTEMPATH\CodeIgniter.php(942): App\Controllers\Admin->adatmodosit()
 3 SYSTEMPATH\CodeIgniter.php(502): CodeIgniter\CodeIgniter->runController(Object(App\Controllers\Admin))
 4 SYSTEMPATH\CodeIgniter.php(361): CodeIgniter\CodeIgniter->handleRequest(null, Object(Config\Cache), false)
 5 FCPATH\index.php(79): CodeIgniter\CodeIgniter->run()
CRITICAL - 2024-04-16 20:32:48 --> Undefined variable $response
in APPPATH\Controllers\Admin.php on line 233.
 1 APPPATH\Controllers\Admin.php(233): CodeIgniter\Debug\Exceptions->errorHandler(2, 'Undefined variable $response', 'C:\\xampp\\htdocs\\autokolcsonzo\\app\\Controllers\\Admin.php', 233)
 2 SYSTEMPATH\CodeIgniter.php(942): App\Controllers\Admin->adatmodosit()
 3 SYSTEMPATH\CodeIgniter.php(502): CodeIgniter\CodeIgniter->runController(Object(App\Controllers\Admin))
 4 SYSTEMPATH\CodeIgniter.php(361): CodeIgniter\CodeIgniter->handleRequest(null, Object(Config\Cache), false)
 5 FCPATH\index.php(79): CodeIgniter\CodeIgniter->run()
CRITICAL - 2024-04-16 20:32:49 --> Undefined variable $response
in APPPATH\Controllers\Admin.php on line 233.
 1 APPPATH\Controllers\Admin.php(233): CodeIgniter\Debug\Exceptions->errorHandler(2, 'Undefined variable $response', 'C:\\xampp\\htdocs\\autokolcsonzo\\app\\Controllers\\Admin.php', 233)
 2 SYSTEMPATH\CodeIgniter.php(942): App\Controllers\Admin->adatmodosit()
 3 SYSTEMPATH\CodeIgniter.php(502): CodeIgniter\CodeIgniter->runController(Object(App\Controllers\Admin))
 4 SYSTEMPATH\CodeIgniter.php(361): CodeIgniter\CodeIgniter->handleRequest(null, Object(Config\Cache), false)
 5 FCPATH\index.php(79): CodeIgniter\CodeIgniter->run()
CRITICAL - 2024-04-16 20:35:24 --> Undefined variable $response
in APPPATH\Controllers\Admin.php on line 232.
 1 APPPATH\Controllers\Admin.php(232): CodeIgniter\Debug\Exceptions->errorHandler(2, 'Undefined variable $response', 'C:\\xampp\\htdocs\\autokolcsonzo\\app\\Controllers\\Admin.php', 232)
 2 SYSTEMPATH\CodeIgniter.php(942): App\Controllers\Admin->adatmodosit()
 3 SYSTEMPATH\CodeIgniter.php(502): CodeIgniter\CodeIgniter->runController(Object(App\Controllers\Admin))
 4 SYSTEMPATH\CodeIgniter.php(361): CodeIgniter\CodeIgniter->handleRequest(null, Object(Config\Cache), false)
 5 FCPATH\index.php(79): CodeIgniter\CodeIgniter->run()
CRITICAL - 2024-04-16 20:35:26 --> Undefined variable $response
in APPPATH\Controllers\Admin.php on line 232.
 1 APPPATH\Controllers\Admin.php(232): CodeIgniter\Debug\Exceptions->errorHandler(2, 'Undefined variable $response', 'C:\\xampp\\htdocs\\autokolcsonzo\\app\\Controllers\\Admin.php', 232)
 2 SYSTEMPATH\CodeIgniter.php(942): App\Controllers\Admin->adatmodosit()
 3 SYSTEMPATH\CodeIgniter.php(502): CodeIgniter\CodeIgniter->runController(Object(App\Controllers\Admin))
 4 SYSTEMPATH\CodeIgniter.php(361): CodeIgniter\CodeIgniter->handleRequest(null, Object(Config\Cache), false)
 5 FCPATH\index.php(79): CodeIgniter\CodeIgniter->run()
CRITICAL - 2024-04-16 20:35:48 --> Undefined variable $id
in APPPATH\Controllers\Admin.php on line 198.
 1 APPPATH\Controllers\Admin.php(198): CodeIgniter\Debug\Exceptions->errorHandler(2, 'Undefined variable $id', 'C:\\xampp\\htdocs\\autokolcsonzo\\app\\Controllers\\Admin.php', 198)
 2 SYSTEMPATH\CodeIgniter.php(942): App\Controllers\Admin->adatmodosit()
 3 SYSTEMPATH\CodeIgniter.php(502): CodeIgniter\CodeIgniter->runController(Object(App\Controllers\Admin))
 4 SYSTEMPATH\CodeIgniter.php(361): CodeIgniter\CodeIgniter->handleRequest(null, Object(Config\Cache), false)
 5 FCPATH\index.php(79): CodeIgniter\CodeIgniter->run()
CRITICAL - 2024-04-16 20:35:49 --> Undefined variable $id
in APPPATH\Controllers\Admin.php on line 198.
 1 APPPATH\Controllers\Admin.php(198): CodeIgniter\Debug\Exceptions->errorHandler(2, 'Undefined variable $id', 'C:\\xampp\\htdocs\\autokolcsonzo\\app\\Controllers\\Admin.php', 198)
 2 SYSTEMPATH\CodeIgniter.php(942): App\Controllers\Admin->adatmodosit()
 3 SYSTEMPATH\CodeIgniter.php(502): CodeIgniter\CodeIgniter->runController(Object(App\Controllers\Admin))
 4 SYSTEMPATH\CodeIgniter.php(361): CodeIgniter\CodeIgniter->handleRequest(null, Object(Config\Cache), false)
 5 FCPATH\index.php(79): CodeIgniter\CodeIgniter->run()
CRITICAL - 2024-04-16 20:36:07 --> Too few arguments to function App\Controllers\Admin::adatmodosit(), 0 passed in C:\xampp\htdocs\autokolcsonzo\system\CodeIgniter.php on line 942 and exactly 1 expected
in APPPATH\Controllers\Admin.php on line 192.
 1 SYSTEMPATH\CodeIgniter.php(942): App\Controllers\Admin->adatmodosit()
 2 SYSTEMPATH\CodeIgniter.php(502): CodeIgniter\CodeIgniter->runController(Object(App\Controllers\Admin))
 3 SYSTEMPATH\CodeIgniter.php(361): CodeIgniter\CodeIgniter->handleRequest(null, Object(Config\Cache), false)
 4 FCPATH\index.php(79): CodeIgniter\CodeIgniter->run()
CRITICAL - 2024-04-16 20:36:08 --> Too few arguments to function App\Controllers\Admin::adatmodosit(), 0 passed in C:\xampp\htdocs\autokolcsonzo\system\CodeIgniter.php on line 942 and exactly 1 expected
in APPPATH\Controllers\Admin.php on line 192.
 1 SYSTEMPATH\CodeIgniter.php(942): App\Controllers\Admin->adatmodosit()
 2 SYSTEMPATH\CodeIgniter.php(502): CodeIgniter\CodeIgniter->runController(Object(App\Controllers\Admin))
 3 SYSTEMPATH\CodeIgniter.php(361): CodeIgniter\CodeIgniter->handleRequest(null, Object(Config\Cache), false)
 4 FCPATH\index.php(79): CodeIgniter\CodeIgniter->run()
CRITICAL - 2024-04-16 20:39:06 --> Undefined variable $response
in APPPATH\Controllers\Admin.php on line 230.
 1 APPPATH\Controllers\Admin.php(230): CodeIgniter\Debug\Exceptions->errorHandler(2, 'Undefined variable $response', 'C:\\xampp\\htdocs\\autokolcsonzo\\app\\Controllers\\Admin.php', 230)
 2 SYSTEMPATH\CodeIgniter.php(942): App\Controllers\Admin->adatmodosit()
 3 SYSTEMPATH\CodeIgniter.php(502): CodeIgniter\CodeIgniter->runController(Object(App\Controllers\Admin))
 4 SYSTEMPATH\CodeIgniter.php(361): CodeIgniter\CodeIgniter->handleRequest(null, Object(Config\Cache), false)
 5 FCPATH\index.php(79): CodeIgniter\CodeIgniter->run()
CRITICAL - 2024-04-16 20:39:58 --> Undefined variable $jwt
in APPPATH\Controllers\Admin.php on line 148.
 1 APPPATH\Controllers\Admin.php(148): CodeIgniter\Debug\Exceptions->errorHandler(2, 'Undefined variable $jwt', 'C:\\xampp\\htdocs\\autokolcsonzo\\app\\Controllers\\Admin.php', 148)
 2 SYSTEMPATH\CodeIgniter.php(942): App\Controllers\Admin->belepes()
 3 SYSTEMPATH\CodeIgniter.php(502): CodeIgniter\CodeIgniter->runController(Object(App\Controllers\Admin))
 4 SYSTEMPATH\CodeIgniter.php(361): CodeIgniter\CodeIgniter->handleRequest(null, Object(Config\Cache), false)
 5 FCPATH\index.php(79): CodeIgniter\CodeIgniter->run()
CRITICAL - 2024-04-16 20:40:03 --> Undefined variable $jwt
in APPPATH\Controllers\Admin.php on line 148.
 1 APPPATH\Controllers\Admin.php(148): CodeIgniter\Debug\Exceptions->errorHandler(2, 'Undefined variable $jwt', 'C:\\xampp\\htdocs\\autokolcsonzo\\app\\Controllers\\Admin.php', 148)
 2 SYSTEMPATH\CodeIgniter.php(942): App\Controllers\Admin->belepes()
 3 SYSTEMPATH\CodeIgniter.php(502): CodeIgniter\CodeIgniter->runController(Object(App\Controllers\Admin))
 4 SYSTEMPATH\CodeIgniter.php(361): CodeIgniter\CodeIgniter->handleRequest(null, Object(Config\Cache), false)
 5 FCPATH\index.php(79): CodeIgniter\CodeIgniter->run()
CRITICAL - 2024-04-16 20:42:49 --> Undefined variable $jwt
in APPPATH\Controllers\Admin.php on line 148.
 1 APPPATH\Controllers\Admin.php(148): CodeIgniter\Debug\Exceptions->errorHandler(2, 'Undefined variable $jwt', 'C:\\xampp\\htdocs\\autokolcsonzo\\app\\Controllers\\Admin.php', 148)
 2 SYSTEMPATH\CodeIgniter.php(942): App\Controllers\Admin->belepes()
 3 SYSTEMPATH\CodeIgniter.php(502): CodeIgniter\CodeIgniter->runController(Object(App\Controllers\Admin))
 4 SYSTEMPATH\CodeIgniter.php(361): CodeIgniter\CodeIgniter->handleRequest(null, Object(Config\Cache), false)
 5 FCPATH\index.php(79): CodeIgniter\CodeIgniter->run()
CRITICAL - 2024-04-16 20:43:50 --> syntax error, unexpected token ">"
in APPPATH\Controllers\Admin.php on line 150.
 1 SYSTEMPATH\Router\Router.php(514): CodeIgniter\Router\AutoRouter->getRoute('admin/belepes', 'post')
 2 SYSTEMPATH\Router\Router.php(210): CodeIgniter\Router\Router->autoRoute('admin/belepes')
 3 SYSTEMPATH\CodeIgniter.php(823): CodeIgniter\Router\Router->handle('admin/belepes')
 4 SYSTEMPATH\CodeIgniter.php(450): CodeIgniter\CodeIgniter->tryToRouteIt(Object(CodeIgniter\Router\RouteCollection))
 5 SYSTEMPATH\CodeIgniter.php(361): CodeIgniter\CodeIgniter->handleRequest(null, Object(Config\Cache), false)
 6 FCPATH\index.php(79): CodeIgniter\CodeIgniter->run()
CRITICAL - 2024-04-16 20:44:18 --> Undefined variable $jwt
in APPPATH\Controllers\Admin.php on line 149.
 1 APPPATH\Controllers\Admin.php(149): CodeIgniter\Debug\Exceptions->errorHandler(2, 'Undefined variable $jwt', 'C:\\xampp\\htdocs\\autokolcsonzo\\app\\Controllers\\Admin.php', 149)
 2 SYSTEMPATH\CodeIgniter.php(942): App\Controllers\Admin->belepes()
 3 SYSTEMPATH\CodeIgniter.php(502): CodeIgniter\CodeIgniter->runController(Object(App\Controllers\Admin))
 4 SYSTEMPATH\CodeIgniter.php(361): CodeIgniter\CodeIgniter->handleRequest(null, Object(Config\Cache), false)
 5 FCPATH\index.php(79): CodeIgniter\CodeIgniter->run()
CRITICAL - 2024-04-16 20:48:43 --> Undefined variable $jwt
in APPPATH\Controllers\Admin.php on line 149.
 1 APPPATH\Controllers\Admin.php(149): CodeIgniter\Debug\Exceptions->errorHandler(2, 'Undefined variable $jwt', 'C:\\xampp\\htdocs\\autokolcsonzo\\app\\Controllers\\Admin.php', 149)
 2 SYSTEMPATH\CodeIgniter.php(942): App\Controllers\Admin->belepes()
 3 SYSTEMPATH\CodeIgniter.php(502): CodeIgniter\CodeIgniter->runController(Object(App\Controllers\Admin))
 4 SYSTEMPATH\CodeIgniter.php(361): CodeIgniter\CodeIgniter->handleRequest(null, Object(Config\Cache), false)
 5 FCPATH\index.php(79): CodeIgniter\CodeIgniter->run()
CRITICAL - 2024-04-16 20:59:02 --> Class "App\Controllers\JWT" not found
in APPPATH\Controllers\Admin.php on line 126.
 1 SYSTEMPATH\CodeIgniter.php(942): App\Controllers\Admin->belepes()
 2 SYSTEMPATH\CodeIgniter.php(502): CodeIgniter\CodeIgniter->runController(Object(App\Controllers\Admin))
 3 SYSTEMPATH\CodeIgniter.php(361): CodeIgniter\CodeIgniter->handleRequest(null, Object(Config\Cache), false)
 4 FCPATH\index.php(79): CodeIgniter\CodeIgniter->run()
CRITICAL - 2024-04-16 21:42:20 --> Class "App\Controllers\JWT" not found
in APPPATH\Controllers\Admin.php on line 126.
 1 SYSTEMPATH\CodeIgniter.php(942): App\Controllers\Admin->belepes()
 2 SYSTEMPATH\CodeIgniter.php(502): CodeIgniter\CodeIgniter->runController(Object(App\Controllers\Admin))
 3 SYSTEMPATH\CodeIgniter.php(361): CodeIgniter\CodeIgniter->handleRequest(null, Object(Config\Cache), false)
 4 FCPATH\index.php(79): CodeIgniter\CodeIgniter->run()
CRITICAL - 2024-04-16 21:42:21 --> Class "App\Controllers\JWT" not found
in APPPATH\Controllers\Admin.php on line 126.
 1 SYSTEMPATH\CodeIgniter.php(942): App\Controllers\Admin->belepes()
 2 SYSTEMPATH\CodeIgniter.php(502): CodeIgniter\CodeIgniter->runController(Object(App\Controllers\Admin))
 3 SYSTEMPATH\CodeIgniter.php(361): CodeIgniter\CodeIgniter->handleRequest(null, Object(Config\Cache), false)
 4 FCPATH\index.php(79): CodeIgniter\CodeIgniter->run()
CRITICAL - 2024-04-16 21:42:22 --> Class "App\Controllers\JWT" not found
in APPPATH\Controllers\Admin.php on line 126.
 1 SYSTEMPATH\CodeIgniter.php(942): App\Controllers\Admin->belepes()
 2 SYSTEMPATH\CodeIgniter.php(502): CodeIgniter\CodeIgniter->runController(Object(App\Controllers\Admin))
 3 SYSTEMPATH\CodeIgniter.php(361): CodeIgniter\CodeIgniter->handleRequest(null, Object(Config\Cache), false)
 4 FCPATH\index.php(79): CodeIgniter\CodeIgniter->run()
CRITICAL - 2024-04-16 21:42:23 --> Class "App\Controllers\JWT" not found
in APPPATH\Controllers\Admin.php on line 126.
 1 SYSTEMPATH\CodeIgniter.php(942): App\Controllers\Admin->belepes()
 2 SYSTEMPATH\CodeIgniter.php(502): CodeIgniter\CodeIgniter->runController(Object(App\Controllers\Admin))
 3 SYSTEMPATH\CodeIgniter.php(361): CodeIgniter\CodeIgniter->handleRequest(null, Object(Config\Cache), false)
 4 FCPATH\index.php(79): CodeIgniter\CodeIgniter->run()
CRITICAL - 2024-04-16 21:42:24 --> Class "App\Controllers\JWT" not found
in APPPATH\Controllers\Admin.php on line 126.
 1 SYSTEMPATH\CodeIgniter.php(942): App\Controllers\Admin->belepes()
 2 SYSTEMPATH\CodeIgniter.php(502): CodeIgniter\CodeIgniter->runController(Object(App\Controllers\Admin))
 3 SYSTEMPATH\CodeIgniter.php(361): CodeIgniter\CodeIgniter->handleRequest(null, Object(Config\Cache), false)
 4 FCPATH\index.php(79): CodeIgniter\CodeIgniter->run()
CRITICAL - 2024-04-16 21:42:25 --> Class "App\Controllers\JWT" not found
in APPPATH\Controllers\Admin.php on line 126.
 1 SYSTEMPATH\CodeIgniter.php(942): App\Controllers\Admin->belepes()
 2 SYSTEMPATH\CodeIgniter.php(502): CodeIgniter\CodeIgniter->runController(Object(App\Controllers\Admin))
 3 SYSTEMPATH\CodeIgniter.php(361): CodeIgniter\CodeIgniter->handleRequest(null, Object(Config\Cache), false)
 4 FCPATH\index.php(79): CodeIgniter\CodeIgniter->run()
CRITICAL - 2024-04-16 21:42:59 --> Class "App\Controllers\JWT" not found
in APPPATH\Controllers\Admin.php on line 126.
 1 SYSTEMPATH\CodeIgniter.php(942): App\Controllers\Admin->belepes()
 2 SYSTEMPATH\CodeIgniter.php(502): CodeIgniter\CodeIgniter->runController(Object(App\Controllers\Admin))
 3 SYSTEMPATH\CodeIgniter.php(361): CodeIgniter\CodeIgniter->handleRequest(null, Object(Config\Cache), false)
 4 FCPATH\index.php(79): CodeIgniter\CodeIgniter->run()
CRITICAL - 2024-04-16 21:43:05 --> Class "App\Controllers\JWT" not found
in APPPATH\Controllers\Admin.php on line 126.
 1 SYSTEMPATH\CodeIgniter.php(942): App\Controllers\Admin->belepes()
 2 SYSTEMPATH\CodeIgniter.php(502): CodeIgniter\CodeIgniter->runController(Object(App\Controllers\Admin))
 3 SYSTEMPATH\CodeIgniter.php(361): CodeIgniter\CodeIgniter->handleRequest(null, Object(Config\Cache), false)
 4 FCPATH\index.php(79): CodeIgniter\CodeIgniter->run()
CRITICAL - 2024-04-16 21:43:06 --> Class "App\Controllers\JWT" not found
in APPPATH\Controllers\Admin.php on line 126.
 1 SYSTEMPATH\CodeIgniter.php(942): App\Controllers\Admin->belepes()
 2 SYSTEMPATH\CodeIgniter.php(502): CodeIgniter\CodeIgniter->runController(Object(App\Controllers\Admin))
 3 SYSTEMPATH\CodeIgniter.php(361): CodeIgniter\CodeIgniter->handleRequest(null, Object(Config\Cache), false)
 4 FCPATH\index.php(79): CodeIgniter\CodeIgniter->run()
CRITICAL - 2024-04-16 21:43:06 --> Class "App\Controllers\JWT" not found
in APPPATH\Controllers\Admin.php on line 126.
 1 SYSTEMPATH\CodeIgniter.php(942): App\Controllers\Admin->belepes()
 2 SYSTEMPATH\CodeIgniter.php(502): CodeIgniter\CodeIgniter->runController(Object(App\Controllers\Admin))
 3 SYSTEMPATH\CodeIgniter.php(361): CodeIgniter\CodeIgniter->handleRequest(null, Object(Config\Cache), false)
 4 FCPATH\index.php(79): CodeIgniter\CodeIgniter->run()
CRITICAL - 2024-04-16 21:43:06 --> Class "App\Controllers\JWT" not found
in APPPATH\Controllers\Admin.php on line 126.
 1 SYSTEMPATH\CodeIgniter.php(942): App\Controllers\Admin->belepes()
 2 SYSTEMPATH\CodeIgniter.php(502): CodeIgniter\CodeIgniter->runController(Object(App\Controllers\Admin))
 3 SYSTEMPATH\CodeIgniter.php(361): CodeIgniter\CodeIgniter->handleRequest(null, Object(Config\Cache), false)
 4 FCPATH\index.php(79): CodeIgniter\CodeIgniter->run()
