CRITICAL - 2024-04-15 22:22:00 --> Undefined variable $token
in APPPATH\Controllers\Admin.php on line 156.
 1 APPPATH\Controllers\Admin.php(156): CodeIgniter\Debug\Exceptions->errorHandler(2, 'Undefined variable $token', 'C:\\xampp\\htdocs\\autokolcsonzo\\app\\Controllers\\Admin.php', 156)
 2 SYSTEMPATH\CodeIgniter.php(942): App\Controllers\Admin->belepes()
 3 SYSTEMPATH\CodeIgniter.php(502): CodeIgniter\CodeIgniter->runController(Object(App\Controllers\Admin))
 4 SYSTEMPATH\CodeIgniter.php(361): CodeIgniter\CodeIgniter->handleRequest(null, Object(Config\Cache), false)
 5 FCPATH\index.php(79): CodeIgniter\CodeIgniter->run()
CRITICAL - 2024-04-15 22:22:01 --> Undefined variable $token
in APPPATH\Controllers\Admin.php on line 156.
 1 APPPATH\Controllers\Admin.php(156): CodeIgniter\Debug\Exceptions->errorHandler(2, 'Undefined variable $token', 'C:\\xampp\\htdocs\\autokolcsonzo\\app\\Controllers\\Admin.php', 156)
 2 SYSTEMPATH\CodeIgniter.php(942): App\Controllers\Admin->belepes()
 3 SYSTEMPATH\CodeIgniter.php(502): CodeIgniter\CodeIgniter->runController(Object(App\Controllers\Admin))
 4 SYSTEMPATH\CodeIgniter.php(361): CodeIgniter\CodeIgniter->handleRequest(null, Object(Config\Cache), false)
 5 FCPATH\index.php(79): CodeIgniter\CodeIgniter->run()
CRITICAL - 2024-04-15 22:22:03 --> Undefined variable $token
in APPPATH\Controllers\Admin.php on line 156.
 1 APPPATH\Controllers\Admin.php(156): CodeIgniter\Debug\Exceptions->errorHandler(2, 'Undefined variable $token', 'C:\\xampp\\htdocs\\autokolcsonzo\\app\\Controllers\\Admin.php', 156)
 2 SYSTEMPATH\CodeIgniter.php(942): App\Controllers\Admin->belepes()
 3 SYSTEMPATH\CodeIgniter.php(502): CodeIgniter\CodeIgniter->runController(Object(App\Controllers\Admin))
 4 SYSTEMPATH\CodeIgniter.php(361): CodeIgniter\CodeIgniter->handleRequest(null, Object(Config\Cache), false)
 5 FCPATH\index.php(79): CodeIgniter\CodeIgniter->run()
