CRITICAL - 2024-05-09 08:35:20 --> Attempt to read property "id" on null
in APPPATH\Controllers\Kolcson.php on line 142.
 1 APPPATH\Controllers\Kolcson.php(142): CodeIgniter\Debug\Exceptions->errorHandler(2, 'Attempt to read property "id" on null', 'D:\\xampp\\htdocs\\autokolcsonzo\\app\\Controllers\\Kolcson.php', 142)
 2 SYSTEMPATH\CodeIgniter.php(942): App\Controllers\Kolcson->kolcsontorolid()
 3 SYSTEMPATH\CodeIgniter.php(502): CodeIgniter\CodeIgniter->runController(Object(App\Controllers\Kolcson))
 4 SYSTEMPATH\CodeIgniter.php(361): CodeIgniter\CodeIgniter->handleRequest(null, Object(Config\Cache), false)
 5 FCPATH\index.php(79): CodeIgniter\CodeIgniter->run()
CRITICAL - 2024-05-09 08:44:37 --> Attempt to read property "id" on null
in APPPATH\Controllers\Kolcson.php on line 170.
 1 APPPATH\Controllers\Kolcson.php(170): CodeIgniter\Debug\Exceptions->errorHandler(2, 'Attempt to read property "id" on null', 'D:\\xampp\\htdocs\\autokolcsonzo\\app\\Controllers\\Kolcson.php', 170)
 2 SYSTEMPATH\CodeIgniter.php(942): App\Controllers\Kolcson->kolcsonmod()
 3 SYSTEMPATH\CodeIgniter.php(502): CodeIgniter\CodeIgniter->runController(Object(App\Controllers\Kolcson))
 4 SYSTEMPATH\CodeIgniter.php(361): CodeIgniter\CodeIgniter->handleRequest(null, Object(Config\Cache), false)
 5 FCPATH\index.php(79): CodeIgniter\CodeIgniter->run()
CRITICAL - 2024-05-09 09:20:02 --> Attempt to read property "berletkezdete" on array
in APPPATH\Controllers\Kolcson.php on line 73.
 1 APPPATH\Controllers\Kolcson.php(73): CodeIgniter\Debug\Exceptions->errorHandler(2, 'Attempt to read property "berletkezdete" on array', 'D:\\xampp\\htdocs\\autokolcsonzo\\app\\Controllers\\Kolcson.php', 73)
 2 SYSTEMPATH\CodeIgniter.php(942): App\Controllers\Kolcson->ujadatbeszur()
 3 SYSTEMPATH\CodeIgniter.php(502): CodeIgniter\CodeIgniter->runController(Object(App\Controllers\Kolcson))
 4 SYSTEMPATH\CodeIgniter.php(361): CodeIgniter\CodeIgniter->handleRequest(null, Object(Config\Cache), false)
 5 FCPATH\index.php(79): CodeIgniter\CodeIgniter->run()
CRITICAL - 2024-05-09 09:26:33 --> array_column(): Argument #1 ($array) must be of type array, bool given
in APPPATH\Controllers\Kolcson.php on line 199.
 1 APPPATH\Controllers\Kolcson.php(199): array_column(true, 'berletkezdete')
 2 SYSTEMPATH\CodeIgniter.php(942): App\Controllers\Kolcson->kolcsonmod()
 3 SYSTEMPATH\CodeIgniter.php(502): CodeIgniter\CodeIgniter->runController(Object(App\Controllers\Kolcson))
 4 SYSTEMPATH\CodeIgniter.php(361): CodeIgniter\CodeIgniter->handleRequest(null, Object(Config\Cache), false)
 5 FCPATH\index.php(79): CodeIgniter\CodeIgniter->run()
CRITICAL - 2024-05-09 09:27:12 --> array_column(): Argument #1 ($array) must be of type array, bool given
in APPPATH\Controllers\Kolcson.php on line 199.
 1 APPPATH\Controllers\Kolcson.php(199): array_column(true, 'berletkezdete')
 2 SYSTEMPATH\CodeIgniter.php(942): App\Controllers\Kolcson->kolcsonmod()
 3 SYSTEMPATH\CodeIgniter.php(502): CodeIgniter\CodeIgniter->runController(Object(App\Controllers\Kolcson))
 4 SYSTEMPATH\CodeIgniter.php(361): CodeIgniter\CodeIgniter->handleRequest(null, Object(Config\Cache), false)
 5 FCPATH\index.php(79): CodeIgniter\CodeIgniter->run()
CRITICAL - 2024-05-09 09:29:00 --> Attempt to read property "berletkezdete" on array
in APPPATH\Controllers\Kolcson.php on line 187.
 1 APPPATH\Controllers\Kolcson.php(187): CodeIgniter\Debug\Exceptions->errorHandler(2, 'Attempt to read property "berletkezdete" on array', 'D:\\xampp\\htdocs\\autokolcsonzo\\app\\Controllers\\Kolcson.php', 187)
 2 SYSTEMPATH\CodeIgniter.php(942): App\Controllers\Kolcson->kolcsonmod()
 3 SYSTEMPATH\CodeIgniter.php(502): CodeIgniter\CodeIgniter->runController(Object(App\Controllers\Kolcson))
 4 SYSTEMPATH\CodeIgniter.php(361): CodeIgniter\CodeIgniter->handleRequest(null, Object(Config\Cache), false)
 5 FCPATH\index.php(79): CodeIgniter\CodeIgniter->run()
CRITICAL - 2024-05-09 09:29:55 --> syntax error, unexpected token ";"
in APPPATH\Controllers\Kolcson.php on line 189.
 1 SYSTEMPATH\Router\Router.php(514): CodeIgniter\Router\AutoRouter->getRoute('kolcson/rendelesek', 'post')
 2 SYSTEMPATH\Router\Router.php(210): CodeIgniter\Router\Router->autoRoute('kolcson/rendelesek')
 3 SYSTEMPATH\CodeIgniter.php(823): CodeIgniter\Router\Router->handle('kolcson/rendelesek')
 4 SYSTEMPATH\CodeIgniter.php(450): CodeIgniter\CodeIgniter->tryToRouteIt(Object(CodeIgniter\Router\RouteCollection))
 5 SYSTEMPATH\CodeIgniter.php(361): CodeIgniter\CodeIgniter->handleRequest(null, Object(Config\Cache), false)
 6 FCPATH\index.php(79): CodeIgniter\CodeIgniter->run()
CRITICAL - 2024-05-09 09:29:55 --> syntax error, unexpected token ";"
in APPPATH\Controllers\Kolcson.php on line 189.
 1 SYSTEMPATH\Router\Router.php(514): CodeIgniter\Router\AutoRouter->getRoute('kolcson/kolcsonmod', 'post')
 2 SYSTEMPATH\Router\Router.php(210): CodeIgniter\Router\Router->autoRoute('kolcson/kolcsonmod')
 3 SYSTEMPATH\CodeIgniter.php(823): CodeIgniter\Router\Router->handle('kolcson/kolcsonmod')
 4 SYSTEMPATH\CodeIgniter.php(450): CodeIgniter\CodeIgniter->tryToRouteIt(Object(CodeIgniter\Router\RouteCollection))
 5 SYSTEMPATH\CodeIgniter.php(361): CodeIgniter\CodeIgniter->handleRequest(null, Object(Config\Cache), false)
 6 FCPATH\index.php(79): CodeIgniter\CodeIgniter->run()
CRITICAL - 2024-05-09 09:29:55 --> syntax error, unexpected token ";"
in APPPATH\Controllers\Kolcson.php on line 189.
 1 SYSTEMPATH\Router\Router.php(514): CodeIgniter\Router\AutoRouter->getRoute('kolcson/rendelesek', 'post')
 2 SYSTEMPATH\Router\Router.php(210): CodeIgniter\Router\Router->autoRoute('kolcson/rendelesek')
 3 SYSTEMPATH\CodeIgniter.php(823): CodeIgniter\Router\Router->handle('kolcson/rendelesek')
 4 SYSTEMPATH\CodeIgniter.php(450): CodeIgniter\CodeIgniter->tryToRouteIt(Object(CodeIgniter\Router\RouteCollection))
 5 SYSTEMPATH\CodeIgniter.php(361): CodeIgniter\CodeIgniter->handleRequest(null, Object(Config\Cache), false)
 6 FCPATH\index.php(79): CodeIgniter\CodeIgniter->run()
CRITICAL - 2024-05-09 09:30:02 --> syntax error, unexpected token ";"
in APPPATH\Controllers\Kolcson.php on line 189.
 1 SYSTEMPATH\Router\Router.php(514): CodeIgniter\Router\AutoRouter->getRoute('kolcson/rendelesek', 'post')
 2 SYSTEMPATH\Router\Router.php(210): CodeIgniter\Router\Router->autoRoute('kolcson/rendelesek')
 3 SYSTEMPATH\CodeIgniter.php(823): CodeIgniter\Router\Router->handle('kolcson/rendelesek')
 4 SYSTEMPATH\CodeIgniter.php(450): CodeIgniter\CodeIgniter->tryToRouteIt(Object(CodeIgniter\Router\RouteCollection))
 5 SYSTEMPATH\CodeIgniter.php(361): CodeIgniter\CodeIgniter->handleRequest(null, Object(Config\Cache), false)
 6 FCPATH\index.php(79): CodeIgniter\CodeIgniter->run()
CRITICAL - 2024-05-09 09:30:02 --> syntax error, unexpected token ";"
in APPPATH\Controllers\Kolcson.php on line 189.
 1 SYSTEMPATH\Router\Router.php(514): CodeIgniter\Router\AutoRouter->getRoute('kolcson/rendelesek', 'post')
 2 SYSTEMPATH\Router\Router.php(210): CodeIgniter\Router\Router->autoRoute('kolcson/rendelesek')
 3 SYSTEMPATH\CodeIgniter.php(823): CodeIgniter\Router\Router->handle('kolcson/rendelesek')
 4 SYSTEMPATH\CodeIgniter.php(450): CodeIgniter\CodeIgniter->tryToRouteIt(Object(CodeIgniter\Router\RouteCollection))
 5 SYSTEMPATH\CodeIgniter.php(361): CodeIgniter\CodeIgniter->handleRequest(null, Object(Config\Cache), false)
 6 FCPATH\index.php(79): CodeIgniter\CodeIgniter->run()
CRITICAL - 2024-05-09 09:30:25 --> syntax error, unexpected token ">"
in APPPATH\Controllers\Kolcson.php on line 187.
 1 SYSTEMPATH\Router\Router.php(514): CodeIgniter\Router\AutoRouter->getRoute('kolcson/rendelesek', 'post')
 2 SYSTEMPATH\Router\Router.php(210): CodeIgniter\Router\Router->autoRoute('kolcson/rendelesek')
 3 SYSTEMPATH\CodeIgniter.php(823): CodeIgniter\Router\Router->handle('kolcson/rendelesek')
 4 SYSTEMPATH\CodeIgniter.php(450): CodeIgniter\CodeIgniter->tryToRouteIt(Object(CodeIgniter\Router\RouteCollection))
 5 SYSTEMPATH\CodeIgniter.php(361): CodeIgniter\CodeIgniter->handleRequest(null, Object(Config\Cache), false)
 6 FCPATH\index.php(79): CodeIgniter\CodeIgniter->run()
CRITICAL - 2024-05-09 09:30:25 --> syntax error, unexpected token ">"
in APPPATH\Controllers\Kolcson.php on line 187.
 1 SYSTEMPATH\Router\Router.php(514): CodeIgniter\Router\AutoRouter->getRoute('kolcson/rendelesek', 'post')
 2 SYSTEMPATH\Router\Router.php(210): CodeIgniter\Router\Router->autoRoute('kolcson/rendelesek')
 3 SYSTEMPATH\CodeIgniter.php(823): CodeIgniter\Router\Router->handle('kolcson/rendelesek')
 4 SYSTEMPATH\CodeIgniter.php(450): CodeIgniter\CodeIgniter->tryToRouteIt(Object(CodeIgniter\Router\RouteCollection))
 5 SYSTEMPATH\CodeIgniter.php(361): CodeIgniter\CodeIgniter->handleRequest(null, Object(Config\Cache), false)
 6 FCPATH\index.php(79): CodeIgniter\CodeIgniter->run()
CRITICAL - 2024-05-09 09:30:59 --> Attempt to read property "berletkezdete" on array
in APPPATH\Controllers\Kolcson.php on line 187.
 1 APPPATH\Controllers\Kolcson.php(187): CodeIgniter\Debug\Exceptions->errorHandler(2, 'Attempt to read property "berletkezdete" on array', 'D:\\xampp\\htdocs\\autokolcsonzo\\app\\Controllers\\Kolcson.php', 187)
 2 SYSTEMPATH\CodeIgniter.php(942): App\Controllers\Kolcson->kolcsonmod()
 3 SYSTEMPATH\CodeIgniter.php(502): CodeIgniter\CodeIgniter->runController(Object(App\Controllers\Kolcson))
 4 SYSTEMPATH\CodeIgniter.php(361): CodeIgniter\CodeIgniter->handleRequest(null, Object(Config\Cache), false)
 5 FCPATH\index.php(79): CodeIgniter\CodeIgniter->run()
CRITICAL - 2024-05-09 09:31:23 --> Attempt to read property "berletkezdete" on array
in APPPATH\Controllers\Kolcson.php on line 187.
 1 APPPATH\Controllers\Kolcson.php(187): CodeIgniter\Debug\Exceptions->errorHandler(2, 'Attempt to read property "berletkezdete" on array', 'D:\\xampp\\htdocs\\autokolcsonzo\\app\\Controllers\\Kolcson.php', 187)
 2 SYSTEMPATH\CodeIgniter.php(942): App\Controllers\Kolcson->kolcsonmod()
 3 SYSTEMPATH\CodeIgniter.php(502): CodeIgniter\CodeIgniter->runController(Object(App\Controllers\Kolcson))
 4 SYSTEMPATH\CodeIgniter.php(361): CodeIgniter\CodeIgniter->handleRequest(null, Object(Config\Cache), false)
 5 FCPATH\index.php(79): CodeIgniter\CodeIgniter->run()
CRITICAL - 2024-05-09 09:31:33 --> Attempt to read property "berletkezdete" on array
in APPPATH\Controllers\Kolcson.php on line 187.
 1 APPPATH\Controllers\Kolcson.php(187): CodeIgniter\Debug\Exceptions->errorHandler(2, 'Attempt to read property "berletkezdete" on array', 'D:\\xampp\\htdocs\\autokolcsonzo\\app\\Controllers\\Kolcson.php', 187)
 2 SYSTEMPATH\CodeIgniter.php(942): App\Controllers\Kolcson->kolcsonmod()
 3 SYSTEMPATH\CodeIgniter.php(502): CodeIgniter\CodeIgniter->runController(Object(App\Controllers\Kolcson))
 4 SYSTEMPATH\CodeIgniter.php(361): CodeIgniter\CodeIgniter->handleRequest(null, Object(Config\Cache), false)
 5 FCPATH\index.php(79): CodeIgniter\CodeIgniter->run()
CRITICAL - 2024-05-09 09:32:28 --> array_column(): Argument #1 ($array) must be of type array, bool given
in APPPATH\Controllers\Kolcson.php on line 199.
 1 APPPATH\Controllers\Kolcson.php(199): array_column(true, 'berletkezdete')
 2 SYSTEMPATH\CodeIgniter.php(942): App\Controllers\Kolcson->kolcsonmod()
 3 SYSTEMPATH\CodeIgniter.php(502): CodeIgniter\CodeIgniter->runController(Object(App\Controllers\Kolcson))
 4 SYSTEMPATH\CodeIgniter.php(361): CodeIgniter\CodeIgniter->handleRequest(null, Object(Config\Cache), false)
 5 FCPATH\index.php(79): CodeIgniter\CodeIgniter->run()
CRITICAL - 2024-05-09 09:38:52 --> Attempt to read property "berletkezdete" on array
in APPPATH\Controllers\Kolcson.php on line 187.
 1 APPPATH\Controllers\Kolcson.php(187): CodeIgniter\Debug\Exceptions->errorHandler(2, 'Attempt to read property "berletkezdete" on array', 'D:\\xampp\\htdocs\\autokolcsonzo\\app\\Controllers\\Kolcson.php', 187)
 2 SYSTEMPATH\CodeIgniter.php(942): App\Controllers\Kolcson->kolcsonmod()
 3 SYSTEMPATH\CodeIgniter.php(502): CodeIgniter\CodeIgniter->runController(Object(App\Controllers\Kolcson))
 4 SYSTEMPATH\CodeIgniter.php(361): CodeIgniter\CodeIgniter->handleRequest(null, Object(Config\Cache), false)
 5 FCPATH\index.php(79): CodeIgniter\CodeIgniter->run()
CRITICAL - 2024-05-09 09:40:35 --> Attempt to read property "berletkezdete" on array
in APPPATH\Controllers\Kolcson.php on line 184.
 1 APPPATH\Controllers\Kolcson.php(184): CodeIgniter\Debug\Exceptions->errorHandler(2, 'Attempt to read property "berletkezdete" on array', 'D:\\xampp\\htdocs\\autokolcsonzo\\app\\Controllers\\Kolcson.php', 184)
 2 SYSTEMPATH\CodeIgniter.php(942): App\Controllers\Kolcson->kolcsonmod()
 3 SYSTEMPATH\CodeIgniter.php(502): CodeIgniter\CodeIgniter->runController(Object(App\Controllers\Kolcson))
 4 SYSTEMPATH\CodeIgniter.php(361): CodeIgniter\CodeIgniter->handleRequest(null, Object(Config\Cache), false)
 5 FCPATH\index.php(79): CodeIgniter\CodeIgniter->run()
CRITICAL - 2024-05-09 09:40:36 --> Attempt to read property "berletkezdete" on array
in APPPATH\Controllers\Kolcson.php on line 184.
 1 APPPATH\Controllers\Kolcson.php(184): CodeIgniter\Debug\Exceptions->errorHandler(2, 'Attempt to read property "berletkezdete" on array', 'D:\\xampp\\htdocs\\autokolcsonzo\\app\\Controllers\\Kolcson.php', 184)
 2 SYSTEMPATH\CodeIgniter.php(942): App\Controllers\Kolcson->kolcsonmod()
 3 SYSTEMPATH\CodeIgniter.php(502): CodeIgniter\CodeIgniter->runController(Object(App\Controllers\Kolcson))
 4 SYSTEMPATH\CodeIgniter.php(361): CodeIgniter\CodeIgniter->handleRequest(null, Object(Config\Cache), false)
 5 FCPATH\index.php(79): CodeIgniter\CodeIgniter->run()
CRITICAL - 2024-05-09 09:43:16 --> array_column(): Argument #1 ($array) must be of type array, bool given
in APPPATH\Controllers\Kolcson.php on line 201.
 1 APPPATH\Controllers\Kolcson.php(201): array_column(true, 'berletkezdete')
 2 SYSTEMPATH\CodeIgniter.php(942): App\Controllers\Kolcson->kolcsonmod()
 3 SYSTEMPATH\CodeIgniter.php(502): CodeIgniter\CodeIgniter->runController(Object(App\Controllers\Kolcson))
 4 SYSTEMPATH\CodeIgniter.php(361): CodeIgniter\CodeIgniter->handleRequest(null, Object(Config\Cache), false)
 5 FCPATH\index.php(79): CodeIgniter\CodeIgniter->run()
CRITICAL - 2024-05-09 09:44:34 --> array_column(): Argument #1 ($array) must be of type array, bool given
in APPPATH\Controllers\Kolcson.php on line 201.
 1 APPPATH\Controllers\Kolcson.php(201): array_column(true, 'berletkezdete')
 2 SYSTEMPATH\CodeIgniter.php(942): App\Controllers\Kolcson->kolcsonmod()
 3 SYSTEMPATH\CodeIgniter.php(502): CodeIgniter\CodeIgniter->runController(Object(App\Controllers\Kolcson))
 4 SYSTEMPATH\CodeIgniter.php(361): CodeIgniter\CodeIgniter->handleRequest(null, Object(Config\Cache), false)
 5 FCPATH\index.php(79): CodeIgniter\CodeIgniter->run()
CRITICAL - 2024-05-09 09:44:41 --> array_column(): Argument #1 ($array) must be of type array, bool given
in APPPATH\Controllers\Kolcson.php on line 201.
 1 APPPATH\Controllers\Kolcson.php(201): array_column(true, 'berletkezdete')
 2 SYSTEMPATH\CodeIgniter.php(942): App\Controllers\Kolcson->kolcsonmod()
 3 SYSTEMPATH\CodeIgniter.php(502): CodeIgniter\CodeIgniter->runController(Object(App\Controllers\Kolcson))
 4 SYSTEMPATH\CodeIgniter.php(361): CodeIgniter\CodeIgniter->handleRequest(null, Object(Config\Cache), false)
 5 FCPATH\index.php(79): CodeIgniter\CodeIgniter->run()
CRITICAL - 2024-05-09 09:45:05 --> array_column(): Argument #1 ($array) must be of type array, bool given
in APPPATH\Controllers\Kolcson.php on line 204.
 1 APPPATH\Controllers\Kolcson.php(204): array_column(true, 'berletkezdete')
 2 SYSTEMPATH\CodeIgniter.php(942): App\Controllers\Kolcson->kolcsonmod()
 3 SYSTEMPATH\CodeIgniter.php(502): CodeIgniter\CodeIgniter->runController(Object(App\Controllers\Kolcson))
 4 SYSTEMPATH\CodeIgniter.php(361): CodeIgniter\CodeIgniter->handleRequest(null, Object(Config\Cache), false)
 5 FCPATH\index.php(79): CodeIgniter\CodeIgniter->run()
CRITICAL - 2024-05-09 10:07:24 --> array_column(): Argument #1 ($array) must be of type array, bool given
in APPPATH\Controllers\Kolcson.php on line 204.
 1 APPPATH\Controllers\Kolcson.php(204): array_column(true, 'berletkezdete')
 2 SYSTEMPATH\CodeIgniter.php(942): App\Controllers\Kolcson->kolcsonmod()
 3 SYSTEMPATH\CodeIgniter.php(502): CodeIgniter\CodeIgniter->runController(Object(App\Controllers\Kolcson))
 4 SYSTEMPATH\CodeIgniter.php(361): CodeIgniter\CodeIgniter->handleRequest(null, Object(Config\Cache), false)
 5 FCPATH\index.php(79): CodeIgniter\CodeIgniter->run()
CRITICAL - 2024-05-09 10:09:02 --> array_column(): Argument #1 ($array) must be of type array, bool given
in APPPATH\Controllers\Kolcson.php on line 204.
 1 APPPATH\Controllers\Kolcson.php(204): array_column(true, 'berletkezdete')
 2 SYSTEMPATH\CodeIgniter.php(942): App\Controllers\Kolcson->kolcsonmod()
 3 SYSTEMPATH\CodeIgniter.php(502): CodeIgniter\CodeIgniter->runController(Object(App\Controllers\Kolcson))
 4 SYSTEMPATH\CodeIgniter.php(361): CodeIgniter\CodeIgniter->handleRequest(null, Object(Config\Cache), false)
 5 FCPATH\index.php(79): CodeIgniter\CodeIgniter->run()
CRITICAL - 2024-05-09 10:10:39 --> Undefined variable $vizsgal1
in APPPATH\Models\Kolcsonzes.php on line 34.
 1 APPPATH\Models\Kolcsonzes.php(34): CodeIgniter\Debug\Exceptions->errorHandler(2, 'Undefined variable $vizsgal1', 'D:\\xampp\\htdocs\\autokolcsonzo\\app\\Models\\Kolcsonzes.php', 34)
 2 APPPATH\Controllers\Kolcson.php(198): App\Models\Kolcsonzes->vankolcson('11')
 3 SYSTEMPATH\CodeIgniter.php(942): App\Controllers\Kolcson->kolcsonmod()
 4 SYSTEMPATH\CodeIgniter.php(502): CodeIgniter\CodeIgniter->runController(Object(App\Controllers\Kolcson))
 5 SYSTEMPATH\CodeIgniter.php(361): CodeIgniter\CodeIgniter->handleRequest(null, Object(Config\Cache), false)
 6 FCPATH\index.php(79): CodeIgniter\CodeIgniter->run()
CRITICAL - 2024-05-09 10:13:57 --> Attempt to read property "id" on null
in APPPATH\Controllers\Kolcson.php on line 142.
 1 APPPATH\Controllers\Kolcson.php(142): CodeIgniter\Debug\Exceptions->errorHandler(2, 'Attempt to read property "id" on null', 'D:\\xampp\\htdocs\\autokolcsonzo\\app\\Controllers\\Kolcson.php', 142)
 2 SYSTEMPATH\CodeIgniter.php(942): App\Controllers\Kolcson->kolcsontorolid()
 3 SYSTEMPATH\CodeIgniter.php(502): CodeIgniter\CodeIgniter->runController(Object(App\Controllers\Kolcson))
 4 SYSTEMPATH\CodeIgniter.php(361): CodeIgniter\CodeIgniter->handleRequest(null, Object(Config\Cache), false)
 5 FCPATH\index.php(79): CodeIgniter\CodeIgniter->run()
CRITICAL - 2024-05-09 11:28:39 --> Attempt to read property "id" on null
in APPPATH\Controllers\Kolcson.php on line 142.
 1 APPPATH\Controllers\Kolcson.php(142): CodeIgniter\Debug\Exceptions->errorHandler(2, 'Attempt to read property "id" on null', 'D:\\xampp\\htdocs\\autokolcsonzo\\app\\Controllers\\Kolcson.php', 142)
 2 SYSTEMPATH\CodeIgniter.php(942): App\Controllers\Kolcson->kolcsontorolid()
 3 SYSTEMPATH\CodeIgniter.php(502): CodeIgniter\CodeIgniter->runController(Object(App\Controllers\Kolcson))
 4 SYSTEMPATH\CodeIgniter.php(361): CodeIgniter\CodeIgniter->handleRequest(null, Object(Config\Cache), false)
 5 FCPATH\index.php(79): CodeIgniter\CodeIgniter->run()
CRITICAL - 2024-05-09 13:03:09 --> syntax error, unexpected token ";"
in APPPATH\Controllers\Admin.php on line 52.
 1 SYSTEMPATH\Router\Router.php(514): CodeIgniter\Router\AutoRouter->getRoute('admin/belepes', 'post')
 2 SYSTEMPATH\Router\Router.php(210): CodeIgniter\Router\Router->autoRoute('admin/belepes')
 3 SYSTEMPATH\CodeIgniter.php(823): CodeIgniter\Router\Router->handle('admin/belepes')
 4 SYSTEMPATH\CodeIgniter.php(450): CodeIgniter\CodeIgniter->tryToRouteIt(Object(CodeIgniter\Router\RouteCollection))
 5 SYSTEMPATH\CodeIgniter.php(361): CodeIgniter\CodeIgniter->handleRequest(null, Object(Config\Cache), false)
 6 FCPATH\index.php(79): CodeIgniter\CodeIgniter->run()
CRITICAL - 2024-05-09 13:03:43 --> syntax error, unexpected token ";"
in APPPATH\Controllers\Admin.php on line 52.
 1 SYSTEMPATH\Router\Router.php(514): CodeIgniter\Router\AutoRouter->getRoute('admin/belepes', 'post')
 2 SYSTEMPATH\Router\Router.php(210): CodeIgniter\Router\Router->autoRoute('admin/belepes')
 3 SYSTEMPATH\CodeIgniter.php(823): CodeIgniter\Router\Router->handle('admin/belepes')
 4 SYSTEMPATH\CodeIgniter.php(450): CodeIgniter\CodeIgniter->tryToRouteIt(Object(CodeIgniter\Router\RouteCollection))
 5 SYSTEMPATH\CodeIgniter.php(361): CodeIgniter\CodeIgniter->handleRequest(null, Object(Config\Cache), false)
 6 FCPATH\index.php(79): CodeIgniter\CodeIgniter->run()
CRITICAL - 2024-05-09 13:05:22 --> syntax error, unexpected token ";"
in APPPATH\Controllers\Admin.php on line 52.
 1 SYSTEMPATH\Router\Router.php(514): CodeIgniter\Router\AutoRouter->getRoute('admin/belepes', 'post')
 2 SYSTEMPATH\Router\Router.php(210): CodeIgniter\Router\Router->autoRoute('admin/belepes')
 3 SYSTEMPATH\CodeIgniter.php(823): CodeIgniter\Router\Router->handle('admin/belepes')
 4 SYSTEMPATH\CodeIgniter.php(450): CodeIgniter\CodeIgniter->tryToRouteIt(Object(CodeIgniter\Router\RouteCollection))
 5 SYSTEMPATH\CodeIgniter.php(361): CodeIgniter\CodeIgniter->handleRequest(null, Object(Config\Cache), false)
 6 FCPATH\index.php(79): CodeIgniter\CodeIgniter->run()
CRITICAL - 2024-05-09 13:06:30 --> syntax error, unexpected token ";"
in APPPATH\Controllers\Admin.php on line 52.
 1 SYSTEMPATH\Router\Router.php(514): CodeIgniter\Router\AutoRouter->getRoute('admin/belepes', 'post')
 2 SYSTEMPATH\Router\Router.php(210): CodeIgniter\Router\Router->autoRoute('admin/belepes')
 3 SYSTEMPATH\CodeIgniter.php(823): CodeIgniter\Router\Router->handle('admin/belepes')
 4 SYSTEMPATH\CodeIgniter.php(450): CodeIgniter\CodeIgniter->tryToRouteIt(Object(CodeIgniter\Router\RouteCollection))
 5 SYSTEMPATH\CodeIgniter.php(361): CodeIgniter\CodeIgniter->handleRequest(null, Object(Config\Cache), false)
 6 FCPATH\index.php(79): CodeIgniter\CodeIgniter->run()
CRITICAL - 2024-05-09 13:07:00 --> syntax error, unexpected token ";"
in APPPATH\Controllers\Admin.php on line 52.
 1 SYSTEMPATH\Router\Router.php(514): CodeIgniter\Router\AutoRouter->getRoute('admin/belepes', 'post')
 2 SYSTEMPATH\Router\Router.php(210): CodeIgniter\Router\Router->autoRoute('admin/belepes')
 3 SYSTEMPATH\CodeIgniter.php(823): CodeIgniter\Router\Router->handle('admin/belepes')
 4 SYSTEMPATH\CodeIgniter.php(450): CodeIgniter\CodeIgniter->tryToRouteIt(Object(CodeIgniter\Router\RouteCollection))
 5 SYSTEMPATH\CodeIgniter.php(361): CodeIgniter\CodeIgniter->handleRequest(null, Object(Config\Cache), false)
 6 FCPATH\index.php(79): CodeIgniter\CodeIgniter->run()
CRITICAL - 2024-05-09 13:08:45 --> syntax error, unexpected token ";"
in APPPATH\Controllers\Admin.php on line 52.
 1 SYSTEMPATH\Router\Router.php(514): CodeIgniter\Router\AutoRouter->getRoute('admin/belepes', 'post')
 2 SYSTEMPATH\Router\Router.php(210): CodeIgniter\Router\Router->autoRoute('admin/belepes')
 3 SYSTEMPATH\CodeIgniter.php(823): CodeIgniter\Router\Router->handle('admin/belepes')
 4 SYSTEMPATH\CodeIgniter.php(450): CodeIgniter\CodeIgniter->tryToRouteIt(Object(CodeIgniter\Router\RouteCollection))
 5 SYSTEMPATH\CodeIgniter.php(361): CodeIgniter\CodeIgniter->handleRequest(null, Object(Config\Cache), false)
 6 FCPATH\index.php(79): CodeIgniter\CodeIgniter->run()
CRITICAL - 2024-05-09 13:10:31 --> syntax error, unexpected token ";"
in APPPATH\Controllers\Admin.php on line 52.
 1 SYSTEMPATH\Router\Router.php(514): CodeIgniter\Router\AutoRouter->getRoute('admin/register', 'post')
 2 SYSTEMPATH\Router\Router.php(210): CodeIgniter\Router\Router->autoRoute('admin/register')
 3 SYSTEMPATH\CodeIgniter.php(823): CodeIgniter\Router\Router->handle('admin/register')
 4 SYSTEMPATH\CodeIgniter.php(450): CodeIgniter\CodeIgniter->tryToRouteIt(Object(CodeIgniter\Router\RouteCollection))
 5 SYSTEMPATH\CodeIgniter.php(361): CodeIgniter\CodeIgniter->handleRequest(null, Object(Config\Cache), false)
 6 FCPATH\index.php(79): CodeIgniter\CodeIgniter->run()
CRITICAL - 2024-05-09 13:11:25 --> syntax error, unexpected token ";"
in APPPATH\Controllers\Admin.php on line 52.
 1 SYSTEMPATH\Router\Router.php(514): CodeIgniter\Router\AutoRouter->getRoute('admin/register', 'post')
 2 SYSTEMPATH\Router\Router.php(210): CodeIgniter\Router\Router->autoRoute('admin/register')
 3 SYSTEMPATH\CodeIgniter.php(823): CodeIgniter\Router\Router->handle('admin/register')
 4 SYSTEMPATH\CodeIgniter.php(450): CodeIgniter\CodeIgniter->tryToRouteIt(Object(CodeIgniter\Router\RouteCollection))
 5 SYSTEMPATH\CodeIgniter.php(361): CodeIgniter\CodeIgniter->handleRequest(null, Object(Config\Cache), false)
 6 FCPATH\index.php(79): CodeIgniter\CodeIgniter->run()
CRITICAL - 2024-05-09 13:11:57 --> syntax error, unexpected token ";"
in APPPATH\Controllers\Admin.php on line 52.
 1 SYSTEMPATH\Router\Router.php(514): CodeIgniter\Router\AutoRouter->getRoute('admin/belepes', 'get')
 2 SYSTEMPATH\Router\Router.php(210): CodeIgniter\Router\Router->autoRoute('admin/belepes')
 3 SYSTEMPATH\CodeIgniter.php(823): CodeIgniter\Router\Router->handle('admin/belepes')
 4 SYSTEMPATH\CodeIgniter.php(450): CodeIgniter\CodeIgniter->tryToRouteIt(Object(CodeIgniter\Router\RouteCollection))
 5 SYSTEMPATH\CodeIgniter.php(361): CodeIgniter\CodeIgniter->handleRequest(null, Object(Config\Cache), false)
 6 FCPATH\index.php(79): CodeIgniter\CodeIgniter->run()
CRITICAL - 2024-05-09 13:13:12 --> syntax error, unexpected token ";"
in APPPATH\Controllers\Admin.php on line 52.
 1 SYSTEMPATH\Router\Router.php(514): CodeIgniter\Router\AutoRouter->getRoute('admin/register', 'post')
 2 SYSTEMPATH\Router\Router.php(210): CodeIgniter\Router\Router->autoRoute('admin/register')
 3 SYSTEMPATH\CodeIgniter.php(823): CodeIgniter\Router\Router->handle('admin/register')
 4 SYSTEMPATH\CodeIgniter.php(450): CodeIgniter\CodeIgniter->tryToRouteIt(Object(CodeIgniter\Router\RouteCollection))
 5 SYSTEMPATH\CodeIgniter.php(361): CodeIgniter\CodeIgniter->handleRequest(null, Object(Config\Cache), false)
 6 FCPATH\index.php(79): CodeIgniter\CodeIgniter->run()
CRITICAL - 2024-05-09 13:15:15 --> syntax error, unexpected token ";"
in APPPATH\Controllers\Admin.php on line 52.
 1 SYSTEMPATH\Router\Router.php(514): CodeIgniter\Router\AutoRouter->getRoute('admin/register', 'get')
 2 SYSTEMPATH\Router\Router.php(210): CodeIgniter\Router\Router->autoRoute('admin/register')
 3 SYSTEMPATH\CodeIgniter.php(823): CodeIgniter\Router\Router->handle('admin/register')
 4 SYSTEMPATH\CodeIgniter.php(450): CodeIgniter\CodeIgniter->tryToRouteIt(Object(CodeIgniter\Router\RouteCollection))
 5 SYSTEMPATH\CodeIgniter.php(361): CodeIgniter\CodeIgniter->handleRequest(null, Object(Config\Cache), false)
 6 FCPATH\index.php(79): CodeIgniter\CodeIgniter->run()
CRITICAL - 2024-05-09 13:15:29 --> syntax error, unexpected token ";"
in APPPATH\Controllers\Admin.php on line 52.
 1 SYSTEMPATH\Router\Router.php(514): CodeIgniter\Router\AutoRouter->getRoute('admin/register', 'post')
 2 SYSTEMPATH\Router\Router.php(210): CodeIgniter\Router\Router->autoRoute('admin/register')
 3 SYSTEMPATH\CodeIgniter.php(823): CodeIgniter\Router\Router->handle('admin/register')
 4 SYSTEMPATH\CodeIgniter.php(450): CodeIgniter\CodeIgniter->tryToRouteIt(Object(CodeIgniter\Router\RouteCollection))
 5 SYSTEMPATH\CodeIgniter.php(361): CodeIgniter\CodeIgniter->handleRequest(null, Object(Config\Cache), false)
 6 FCPATH\index.php(79): CodeIgniter\CodeIgniter->run()
CRITICAL - 2024-05-09 13:17:05 --> syntax error, unexpected token ";"
in APPPATH\Controllers\Admin.php on line 52.
 1 SYSTEMPATH\Router\Router.php(514): CodeIgniter\Router\AutoRouter->getRoute('admin/register', 'post')
 2 SYSTEMPATH\Router\Router.php(210): CodeIgniter\Router\Router->autoRoute('admin/register')
 3 SYSTEMPATH\CodeIgniter.php(823): CodeIgniter\Router\Router->handle('admin/register')
 4 SYSTEMPATH\CodeIgniter.php(450): CodeIgniter\CodeIgniter->tryToRouteIt(Object(CodeIgniter\Router\RouteCollection))
 5 SYSTEMPATH\CodeIgniter.php(361): CodeIgniter\CodeIgniter->handleRequest(null, Object(Config\Cache), false)
 6 FCPATH\index.php(79): CodeIgniter\CodeIgniter->run()
CRITICAL - 2024-05-09 13:17:06 --> syntax error, unexpected token ";"
in APPPATH\Controllers\Admin.php on line 52.
 1 SYSTEMPATH\Router\Router.php(514): CodeIgniter\Router\AutoRouter->getRoute('admin/register', 'post')
 2 SYSTEMPATH\Router\Router.php(210): CodeIgniter\Router\Router->autoRoute('admin/register')
 3 SYSTEMPATH\CodeIgniter.php(823): CodeIgniter\Router\Router->handle('admin/register')
 4 SYSTEMPATH\CodeIgniter.php(450): CodeIgniter\CodeIgniter->tryToRouteIt(Object(CodeIgniter\Router\RouteCollection))
 5 SYSTEMPATH\CodeIgniter.php(361): CodeIgniter\CodeIgniter->handleRequest(null, Object(Config\Cache), false)
 6 FCPATH\index.php(79): CodeIgniter\CodeIgniter->run()
CRITICAL - 2024-05-09 13:17:57 --> syntax error, unexpected token ";"
in APPPATH\Controllers\Admin.php on line 52.
 1 SYSTEMPATH\Router\Router.php(514): CodeIgniter\Router\AutoRouter->getRoute('admin/belepes', 'post')
 2 SYSTEMPATH\Router\Router.php(210): CodeIgniter\Router\Router->autoRoute('admin/belepes')
 3 SYSTEMPATH\CodeIgniter.php(823): CodeIgniter\Router\Router->handle('admin/belepes')
 4 SYSTEMPATH\CodeIgniter.php(450): CodeIgniter\CodeIgniter->tryToRouteIt(Object(CodeIgniter\Router\RouteCollection))
 5 SYSTEMPATH\CodeIgniter.php(361): CodeIgniter\CodeIgniter->handleRequest(null, Object(Config\Cache), false)
 6 FCPATH\index.php(79): CodeIgniter\CodeIgniter->run()
CRITICAL - 2024-05-09 13:22:18 --> syntax error, unexpected token ";"
in APPPATH\Controllers\Admin.php on line 52.
 1 SYSTEMPATH\Router\Router.php(514): CodeIgniter\Router\AutoRouter->getRoute('admin/belepes', 'post')
 2 SYSTEMPATH\Router\Router.php(210): CodeIgniter\Router\Router->autoRoute('admin/belepes')
 3 SYSTEMPATH\CodeIgniter.php(823): CodeIgniter\Router\Router->handle('admin/belepes')
 4 SYSTEMPATH\CodeIgniter.php(450): CodeIgniter\CodeIgniter->tryToRouteIt(Object(CodeIgniter\Router\RouteCollection))
 5 SYSTEMPATH\CodeIgniter.php(361): CodeIgniter\CodeIgniter->handleRequest(null, Object(Config\Cache), false)
 6 FCPATH\index.php(79): CodeIgniter\CodeIgniter->run()
CRITICAL - 2024-05-09 13:23:31 --> syntax error, unexpected token ";"
in APPPATH\Controllers\Admin.php on line 52.
 1 SYSTEMPATH\Router\Router.php(514): CodeIgniter\Router\AutoRouter->getRoute('admin/register', 'post')
 2 SYSTEMPATH\Router\Router.php(210): CodeIgniter\Router\Router->autoRoute('admin/register')
 3 SYSTEMPATH\CodeIgniter.php(823): CodeIgniter\Router\Router->handle('admin/register')
 4 SYSTEMPATH\CodeIgniter.php(450): CodeIgniter\CodeIgniter->tryToRouteIt(Object(CodeIgniter\Router\RouteCollection))
 5 SYSTEMPATH\CodeIgniter.php(361): CodeIgniter\CodeIgniter->handleRequest(null, Object(Config\Cache), false)
 6 FCPATH\index.php(79): CodeIgniter\CodeIgniter->run()
CRITICAL - 2024-05-09 13:24:31 --> syntax error, unexpected token ";"
in APPPATH\Controllers\Admin.php on line 52.
 1 SYSTEMPATH\Router\Router.php(514): CodeIgniter\Router\AutoRouter->getRoute('admin/register', 'post')
 2 SYSTEMPATH\Router\Router.php(210): CodeIgniter\Router\Router->autoRoute('admin/register')
 3 SYSTEMPATH\CodeIgniter.php(823): CodeIgniter\Router\Router->handle('admin/register')
 4 SYSTEMPATH\CodeIgniter.php(450): CodeIgniter\CodeIgniter->tryToRouteIt(Object(CodeIgniter\Router\RouteCollection))
 5 SYSTEMPATH\CodeIgniter.php(361): CodeIgniter\CodeIgniter->handleRequest(null, Object(Config\Cache), false)
 6 FCPATH\index.php(79): CodeIgniter\CodeIgniter->run()
CRITICAL - 2024-05-09 13:24:33 --> syntax error, unexpected token ";"
in APPPATH\Controllers\Admin.php on line 52.
 1 SYSTEMPATH\Router\Router.php(514): CodeIgniter\Router\AutoRouter->getRoute('admin/register', 'post')
 2 SYSTEMPATH\Router\Router.php(210): CodeIgniter\Router\Router->autoRoute('admin/register')
 3 SYSTEMPATH\CodeIgniter.php(823): CodeIgniter\Router\Router->handle('admin/register')
 4 SYSTEMPATH\CodeIgniter.php(450): CodeIgniter\CodeIgniter->tryToRouteIt(Object(CodeIgniter\Router\RouteCollection))
 5 SYSTEMPATH\CodeIgniter.php(361): CodeIgniter\CodeIgniter->handleRequest(null, Object(Config\Cache), false)
 6 FCPATH\index.php(79): CodeIgniter\CodeIgniter->run()
CRITICAL - 2024-05-09 13:24:34 --> syntax error, unexpected token ";"
in APPPATH\Controllers\Admin.php on line 52.
 1 SYSTEMPATH\Router\Router.php(514): CodeIgniter\Router\AutoRouter->getRoute('admin/register', 'post')
 2 SYSTEMPATH\Router\Router.php(210): CodeIgniter\Router\Router->autoRoute('admin/register')
 3 SYSTEMPATH\CodeIgniter.php(823): CodeIgniter\Router\Router->handle('admin/register')
 4 SYSTEMPATH\CodeIgniter.php(450): CodeIgniter\CodeIgniter->tryToRouteIt(Object(CodeIgniter\Router\RouteCollection))
 5 SYSTEMPATH\CodeIgniter.php(361): CodeIgniter\CodeIgniter->handleRequest(null, Object(Config\Cache), false)
 6 FCPATH\index.php(79): CodeIgniter\CodeIgniter->run()
CRITICAL - 2024-05-09 13:27:09 --> syntax error, unexpected token ";"
in APPPATH\Controllers\Admin.php on line 52.
 1 SYSTEMPATH\Router\Router.php(514): CodeIgniter\Router\AutoRouter->getRoute('admin/belepes', 'post')
 2 SYSTEMPATH\Router\Router.php(210): CodeIgniter\Router\Router->autoRoute('admin/belepes')
 3 SYSTEMPATH\CodeIgniter.php(823): CodeIgniter\Router\Router->handle('admin/belepes')
 4 SYSTEMPATH\CodeIgniter.php(450): CodeIgniter\CodeIgniter->tryToRouteIt(Object(CodeIgniter\Router\RouteCollection))
 5 SYSTEMPATH\CodeIgniter.php(361): CodeIgniter\CodeIgniter->handleRequest(null, Object(Config\Cache), false)
 6 FCPATH\index.php(79): CodeIgniter\CodeIgniter->run()
CRITICAL - 2024-05-09 13:27:25 --> syntax error, unexpected token ";"
in APPPATH\Controllers\Admin.php on line 52.
 1 SYSTEMPATH\Router\Router.php(514): CodeIgniter\Router\AutoRouter->getRoute('admin/register', 'post')
 2 SYSTEMPATH\Router\Router.php(210): CodeIgniter\Router\Router->autoRoute('admin/register')
 3 SYSTEMPATH\CodeIgniter.php(823): CodeIgniter\Router\Router->handle('admin/register')
 4 SYSTEMPATH\CodeIgniter.php(450): CodeIgniter\CodeIgniter->tryToRouteIt(Object(CodeIgniter\Router\RouteCollection))
 5 SYSTEMPATH\CodeIgniter.php(361): CodeIgniter\CodeIgniter->handleRequest(null, Object(Config\Cache), false)
 6 FCPATH\index.php(79): CodeIgniter\CodeIgniter->run()
CRITICAL - 2024-05-09 13:27:26 --> syntax error, unexpected token ";"
in APPPATH\Controllers\Admin.php on line 52.
 1 SYSTEMPATH\Router\Router.php(514): CodeIgniter\Router\AutoRouter->getRoute('admin/register', 'post')
 2 SYSTEMPATH\Router\Router.php(210): CodeIgniter\Router\Router->autoRoute('admin/register')
 3 SYSTEMPATH\CodeIgniter.php(823): CodeIgniter\Router\Router->handle('admin/register')
 4 SYSTEMPATH\CodeIgniter.php(450): CodeIgniter\CodeIgniter->tryToRouteIt(Object(CodeIgniter\Router\RouteCollection))
 5 SYSTEMPATH\CodeIgniter.php(361): CodeIgniter\CodeIgniter->handleRequest(null, Object(Config\Cache), false)
 6 FCPATH\index.php(79): CodeIgniter\CodeIgniter->run()
CRITICAL - 2024-05-09 13:27:27 --> syntax error, unexpected token ";"
in APPPATH\Controllers\Admin.php on line 52.
 1 SYSTEMPATH\Router\Router.php(514): CodeIgniter\Router\AutoRouter->getRoute('admin/register', 'post')
 2 SYSTEMPATH\Router\Router.php(210): CodeIgniter\Router\Router->autoRoute('admin/register')
 3 SYSTEMPATH\CodeIgniter.php(823): CodeIgniter\Router\Router->handle('admin/register')
 4 SYSTEMPATH\CodeIgniter.php(450): CodeIgniter\CodeIgniter->tryToRouteIt(Object(CodeIgniter\Router\RouteCollection))
 5 SYSTEMPATH\CodeIgniter.php(361): CodeIgniter\CodeIgniter->handleRequest(null, Object(Config\Cache), false)
 6 FCPATH\index.php(79): CodeIgniter\CodeIgniter->run()
CRITICAL - 2024-05-09 13:27:35 --> syntax error, unexpected token ";"
in APPPATH\Controllers\Admin.php on line 52.
 1 SYSTEMPATH\Router\Router.php(514): CodeIgniter\Router\AutoRouter->getRoute('admin/belepes', 'get')
 2 SYSTEMPATH\Router\Router.php(210): CodeIgniter\Router\Router->autoRoute('admin/belepes')
 3 SYSTEMPATH\CodeIgniter.php(823): CodeIgniter\Router\Router->handle('admin/belepes')
 4 SYSTEMPATH\CodeIgniter.php(450): CodeIgniter\CodeIgniter->tryToRouteIt(Object(CodeIgniter\Router\RouteCollection))
 5 SYSTEMPATH\CodeIgniter.php(361): CodeIgniter\CodeIgniter->handleRequest(null, Object(Config\Cache), false)
 6 FCPATH\index.php(79): CodeIgniter\CodeIgniter->run()
CRITICAL - 2024-05-09 13:27:36 --> syntax error, unexpected token ";"
in APPPATH\Controllers\Admin.php on line 52.
 1 SYSTEMPATH\Router\Router.php(514): CodeIgniter\Router\AutoRouter->getRoute('admin/belepes', 'get')
 2 SYSTEMPATH\Router\Router.php(210): CodeIgniter\Router\Router->autoRoute('admin/belepes')
 3 SYSTEMPATH\CodeIgniter.php(823): CodeIgniter\Router\Router->handle('admin/belepes')
 4 SYSTEMPATH\CodeIgniter.php(450): CodeIgniter\CodeIgniter->tryToRouteIt(Object(CodeIgniter\Router\RouteCollection))
 5 SYSTEMPATH\CodeIgniter.php(361): CodeIgniter\CodeIgniter->handleRequest(null, Object(Config\Cache), false)
 6 FCPATH\index.php(79): CodeIgniter\CodeIgniter->run()
CRITICAL - 2024-05-09 13:31:49 --> syntax error, unexpected token ";"
in APPPATH\Controllers\Admin.php on line 52.
 1 SYSTEMPATH\Router\Router.php(514): CodeIgniter\Router\AutoRouter->getRoute('admin/belepes', 'post')
 2 SYSTEMPATH\Router\Router.php(210): CodeIgniter\Router\Router->autoRoute('admin/belepes')
 3 SYSTEMPATH\CodeIgniter.php(823): CodeIgniter\Router\Router->handle('admin/belepes')
 4 SYSTEMPATH\CodeIgniter.php(450): CodeIgniter\CodeIgniter->tryToRouteIt(Object(CodeIgniter\Router\RouteCollection))
 5 SYSTEMPATH\CodeIgniter.php(361): CodeIgniter\CodeIgniter->handleRequest(null, Object(Config\Cache), false)
 6 FCPATH\index.php(79): CodeIgniter\CodeIgniter->run()
CRITICAL - 2024-05-09 13:38:26 --> syntax error, unexpected token ";"
in APPPATH\Controllers\Admin.php on line 52.
 1 SYSTEMPATH\Router\Router.php(514): CodeIgniter\Router\AutoRouter->getRoute('admin/belepes', 'post')
 2 SYSTEMPATH\Router\Router.php(210): CodeIgniter\Router\Router->autoRoute('admin/belepes')
 3 SYSTEMPATH\CodeIgniter.php(823): CodeIgniter\Router\Router->handle('admin/belepes')
 4 SYSTEMPATH\CodeIgniter.php(450): CodeIgniter\CodeIgniter->tryToRouteIt(Object(CodeIgniter\Router\RouteCollection))
 5 SYSTEMPATH\CodeIgniter.php(361): CodeIgniter\CodeIgniter->handleRequest(null, Object(Config\Cache), false)
 6 FCPATH\index.php(79): CodeIgniter\CodeIgniter->run()
CRITICAL - 2024-05-09 13:40:09 --> syntax error, unexpected token ";"
in APPPATH\Controllers\Admin.php on line 52.
 1 SYSTEMPATH\Router\Router.php(514): CodeIgniter\Router\AutoRouter->getRoute('admin/register', 'post')
 2 SYSTEMPATH\Router\Router.php(210): CodeIgniter\Router\Router->autoRoute('admin/register')
 3 SYSTEMPATH\CodeIgniter.php(823): CodeIgniter\Router\Router->handle('admin/register')
 4 SYSTEMPATH\CodeIgniter.php(450): CodeIgniter\CodeIgniter->tryToRouteIt(Object(CodeIgniter\Router\RouteCollection))
 5 SYSTEMPATH\CodeIgniter.php(361): CodeIgniter\CodeIgniter->handleRequest(null, Object(Config\Cache), false)
 6 FCPATH\index.php(79): CodeIgniter\CodeIgniter->run()
CRITICAL - 2024-05-09 13:43:29 --> syntax error, unexpected token "="
in APPPATH\Controllers\Admin.php on line 104.
 1 SYSTEMPATH\Router\Router.php(514): CodeIgniter\Router\AutoRouter->getRoute('admin/belepes', 'post')
 2 SYSTEMPATH\Router\Router.php(210): CodeIgniter\Router\Router->autoRoute('admin/belepes')
 3 SYSTEMPATH\CodeIgniter.php(823): CodeIgniter\Router\Router->handle('admin/belepes')
 4 SYSTEMPATH\CodeIgniter.php(450): CodeIgniter\CodeIgniter->tryToRouteIt(Object(CodeIgniter\Router\RouteCollection))
 5 SYSTEMPATH\CodeIgniter.php(361): CodeIgniter\CodeIgniter->handleRequest(null, Object(Config\Cache), false)
 6 FCPATH\index.php(79): CodeIgniter\CodeIgniter->run()
CRITICAL - 2024-05-09 13:43:35 --> syntax error, unexpected token "="
in APPPATH\Controllers\Admin.php on line 104.
 1 SYSTEMPATH\Router\Router.php(514): CodeIgniter\Router\AutoRouter->getRoute('admin/register', 'post')
 2 SYSTEMPATH\Router\Router.php(210): CodeIgniter\Router\Router->autoRoute('admin/register')
 3 SYSTEMPATH\CodeIgniter.php(823): CodeIgniter\Router\Router->handle('admin/register')
 4 SYSTEMPATH\CodeIgniter.php(450): CodeIgniter\CodeIgniter->tryToRouteIt(Object(CodeIgniter\Router\RouteCollection))
 5 SYSTEMPATH\CodeIgniter.php(361): CodeIgniter\CodeIgniter->handleRequest(null, Object(Config\Cache), false)
 6 FCPATH\index.php(79): CodeIgniter\CodeIgniter->run()
CRITICAL - 2024-05-09 13:43:36 --> syntax error, unexpected token "="
in APPPATH\Controllers\Admin.php on line 104.
 1 SYSTEMPATH\Router\Router.php(514): CodeIgniter\Router\AutoRouter->getRoute('admin/register', 'post')
 2 SYSTEMPATH\Router\Router.php(210): CodeIgniter\Router\Router->autoRoute('admin/register')
 3 SYSTEMPATH\CodeIgniter.php(823): CodeIgniter\Router\Router->handle('admin/register')
 4 SYSTEMPATH\CodeIgniter.php(450): CodeIgniter\CodeIgniter->tryToRouteIt(Object(CodeIgniter\Router\RouteCollection))
 5 SYSTEMPATH\CodeIgniter.php(361): CodeIgniter\CodeIgniter->handleRequest(null, Object(Config\Cache), false)
 6 FCPATH\index.php(79): CodeIgniter\CodeIgniter->run()
CRITICAL - 2024-05-09 13:43:41 --> syntax error, unexpected token "="
in APPPATH\Controllers\Admin.php on line 104.
 1 SYSTEMPATH\Router\Router.php(514): CodeIgniter\Router\AutoRouter->getRoute('admin/belepes', 'get')
 2 SYSTEMPATH\Router\Router.php(210): CodeIgniter\Router\Router->autoRoute('admin/belepes')
 3 SYSTEMPATH\CodeIgniter.php(823): CodeIgniter\Router\Router->handle('admin/belepes')
 4 SYSTEMPATH\CodeIgniter.php(450): CodeIgniter\CodeIgniter->tryToRouteIt(Object(CodeIgniter\Router\RouteCollection))
 5 SYSTEMPATH\CodeIgniter.php(361): CodeIgniter\CodeIgniter->handleRequest(null, Object(Config\Cache), false)
 6 FCPATH\index.php(79): CodeIgniter\CodeIgniter->run()
CRITICAL - 2024-05-09 13:47:39 --> syntax error, unexpected token "="
in APPPATH\Controllers\Admin.php on line 106.
 1 SYSTEMPATH\Router\Router.php(514): CodeIgniter\Router\AutoRouter->getRoute('admin/belepes', 'get')
 2 SYSTEMPATH\Router\Router.php(210): CodeIgniter\Router\Router->autoRoute('admin/belepes')
 3 SYSTEMPATH\CodeIgniter.php(823): CodeIgniter\Router\Router->handle('admin/belepes')
 4 SYSTEMPATH\CodeIgniter.php(450): CodeIgniter\CodeIgniter->tryToRouteIt(Object(CodeIgniter\Router\RouteCollection))
 5 SYSTEMPATH\CodeIgniter.php(361): CodeIgniter\CodeIgniter->handleRequest(null, Object(Config\Cache), false)
 6 FCPATH\index.php(79): CodeIgniter\CodeIgniter->run()
CRITICAL - 2024-05-09 13:47:40 --> syntax error, unexpected token "="
in APPPATH\Controllers\Admin.php on line 106.
 1 SYSTEMPATH\Router\Router.php(514): CodeIgniter\Router\AutoRouter->getRoute('admin/belepes', 'get')
 2 SYSTEMPATH\Router\Router.php(210): CodeIgniter\Router\Router->autoRoute('admin/belepes')
 3 SYSTEMPATH\CodeIgniter.php(823): CodeIgniter\Router\Router->handle('admin/belepes')
 4 SYSTEMPATH\CodeIgniter.php(450): CodeIgniter\CodeIgniter->tryToRouteIt(Object(CodeIgniter\Router\RouteCollection))
 5 SYSTEMPATH\CodeIgniter.php(361): CodeIgniter\CodeIgniter->handleRequest(null, Object(Config\Cache), false)
 6 FCPATH\index.php(79): CodeIgniter\CodeIgniter->run()
CRITICAL - 2024-05-09 13:47:41 --> syntax error, unexpected token "="
in APPPATH\Controllers\Admin.php on line 106.
 1 SYSTEMPATH\Router\Router.php(514): CodeIgniter\Router\AutoRouter->getRoute('admin/belepes', 'get')
 2 SYSTEMPATH\Router\Router.php(210): CodeIgniter\Router\Router->autoRoute('admin/belepes')
 3 SYSTEMPATH\CodeIgniter.php(823): CodeIgniter\Router\Router->handle('admin/belepes')
 4 SYSTEMPATH\CodeIgniter.php(450): CodeIgniter\CodeIgniter->tryToRouteIt(Object(CodeIgniter\Router\RouteCollection))
 5 SYSTEMPATH\CodeIgniter.php(361): CodeIgniter\CodeIgniter->handleRequest(null, Object(Config\Cache), false)
 6 FCPATH\index.php(79): CodeIgniter\CodeIgniter->run()
CRITICAL - 2024-05-09 13:48:52 --> syntax error, unexpected token "="
in APPPATH\Controllers\Admin.php on line 106.
 1 SYSTEMPATH\Router\Router.php(514): CodeIgniter\Router\AutoRouter->getRoute('admin/belepes', 'get')
 2 SYSTEMPATH\Router\Router.php(210): CodeIgniter\Router\Router->autoRoute('admin/belepes')
 3 SYSTEMPATH\CodeIgniter.php(823): CodeIgniter\Router\Router->handle('admin/belepes')
 4 SYSTEMPATH\CodeIgniter.php(450): CodeIgniter\CodeIgniter->tryToRouteIt(Object(CodeIgniter\Router\RouteCollection))
 5 SYSTEMPATH\CodeIgniter.php(361): CodeIgniter\CodeIgniter->handleRequest(null, Object(Config\Cache), false)
 6 FCPATH\index.php(79): CodeIgniter\CodeIgniter->run()
CRITICAL - 2024-05-09 13:48:53 --> syntax error, unexpected token "="
in APPPATH\Controllers\Admin.php on line 106.
 1 SYSTEMPATH\Router\Router.php(514): CodeIgniter\Router\AutoRouter->getRoute('admin/belepes', 'get')
 2 SYSTEMPATH\Router\Router.php(210): CodeIgniter\Router\Router->autoRoute('admin/belepes')
 3 SYSTEMPATH\CodeIgniter.php(823): CodeIgniter\Router\Router->handle('admin/belepes')
 4 SYSTEMPATH\CodeIgniter.php(450): CodeIgniter\CodeIgniter->tryToRouteIt(Object(CodeIgniter\Router\RouteCollection))
 5 SYSTEMPATH\CodeIgniter.php(361): CodeIgniter\CodeIgniter->handleRequest(null, Object(Config\Cache), false)
 6 FCPATH\index.php(79): CodeIgniter\CodeIgniter->run()
CRITICAL - 2024-05-09 13:49:52 --> syntax error, unexpected token "="
in APPPATH\Controllers\Admin.php on line 106.
 1 SYSTEMPATH\Router\Router.php(514): CodeIgniter\Router\AutoRouter->getRoute('admin/belepes', 'post')
 2 SYSTEMPATH\Router\Router.php(210): CodeIgniter\Router\Router->autoRoute('admin/belepes')
 3 SYSTEMPATH\CodeIgniter.php(823): CodeIgniter\Router\Router->handle('admin/belepes')
 4 SYSTEMPATH\CodeIgniter.php(450): CodeIgniter\CodeIgniter->tryToRouteIt(Object(CodeIgniter\Router\RouteCollection))
 5 SYSTEMPATH\CodeIgniter.php(361): CodeIgniter\CodeIgniter->handleRequest(null, Object(Config\Cache), false)
 6 FCPATH\index.php(79): CodeIgniter\CodeIgniter->run()
CRITICAL - 2024-05-09 13:50:04 --> syntax error, unexpected token "="
in APPPATH\Controllers\Admin.php on line 106.
 1 SYSTEMPATH\Router\Router.php(514): CodeIgniter\Router\AutoRouter->getRoute('admin/belepes', 'get')
 2 SYSTEMPATH\Router\Router.php(210): CodeIgniter\Router\Router->autoRoute('admin/belepes')
 3 SYSTEMPATH\CodeIgniter.php(823): CodeIgniter\Router\Router->handle('admin/belepes')
 4 SYSTEMPATH\CodeIgniter.php(450): CodeIgniter\CodeIgniter->tryToRouteIt(Object(CodeIgniter\Router\RouteCollection))
 5 SYSTEMPATH\CodeIgniter.php(361): CodeIgniter\CodeIgniter->handleRequest(null, Object(Config\Cache), false)
 6 FCPATH\index.php(79): CodeIgniter\CodeIgniter->run()
CRITICAL - 2024-05-09 14:12:06 --> count(): Argument #1 ($value) must be of type Countable|array, bool given
in APPPATH\Controllers\Kolcson.php on line 165.
 1 APPPATH\Controllers\Kolcson.php(165): count(false)
 2 SYSTEMPATH\CodeIgniter.php(942): App\Controllers\Kolcson->kolcsonmod()
 3 SYSTEMPATH\CodeIgniter.php(502): CodeIgniter\CodeIgniter->runController(Object(App\Controllers\Kolcson))
 4 SYSTEMPATH\CodeIgniter.php(361): CodeIgniter\CodeIgniter->handleRequest(null, Object(Config\Cache), false)
 5 FCPATH\index.php(79): CodeIgniter\CodeIgniter->run()
CRITICAL - 2024-05-09 14:12:16 --> count(): Argument #1 ($value) must be of type Countable|array, bool given
in APPPATH\Controllers\Kolcson.php on line 165.
 1 APPPATH\Controllers\Kolcson.php(165): count(false)
 2 SYSTEMPATH\CodeIgniter.php(942): App\Controllers\Kolcson->kolcsonmod()
 3 SYSTEMPATH\CodeIgniter.php(502): CodeIgniter\CodeIgniter->runController(Object(App\Controllers\Kolcson))
 4 SYSTEMPATH\CodeIgniter.php(361): CodeIgniter\CodeIgniter->handleRequest(null, Object(Config\Cache), false)
 5 FCPATH\index.php(79): CodeIgniter\CodeIgniter->run()
CRITICAL - 2024-05-09 14:13:42 --> count(): Argument #1 ($value) must be of type Countable|array, bool given
in APPPATH\Controllers\Kolcson.php on line 165.
 1 APPPATH\Controllers\Kolcson.php(165): count(false)
 2 SYSTEMPATH\CodeIgniter.php(942): App\Controllers\Kolcson->kolcsonmod()
 3 SYSTEMPATH\CodeIgniter.php(502): CodeIgniter\CodeIgniter->runController(Object(App\Controllers\Kolcson))
 4 SYSTEMPATH\CodeIgniter.php(361): CodeIgniter\CodeIgniter->handleRequest(null, Object(Config\Cache), false)
 5 FCPATH\index.php(79): CodeIgniter\CodeIgniter->run()
CRITICAL - 2024-05-09 14:18:51 --> syntax error, unexpected token "else", expecting "function" or "const"
in APPPATH\Controllers\Kolcson.php on line 212.
 1 SYSTEMPATH\Router\Router.php(514): CodeIgniter\Router\AutoRouter->getRoute('kolcson/rendelesek', 'post')
 2 SYSTEMPATH\Router\Router.php(210): CodeIgniter\Router\Router->autoRoute('kolcson/rendelesek')
 3 SYSTEMPATH\CodeIgniter.php(823): CodeIgniter\Router\Router->handle('kolcson/rendelesek')
 4 SYSTEMPATH\CodeIgniter.php(450): CodeIgniter\CodeIgniter->tryToRouteIt(Object(CodeIgniter\Router\RouteCollection))
 5 SYSTEMPATH\CodeIgniter.php(361): CodeIgniter\CodeIgniter->handleRequest(null, Object(Config\Cache), false)
 6 FCPATH\index.php(79): CodeIgniter\CodeIgniter->run()
CRITICAL - 2024-05-09 14:18:51 --> syntax error, unexpected token "else", expecting "function" or "const"
in APPPATH\Controllers\Kolcson.php on line 212.
 1 SYSTEMPATH\Router\Router.php(514): CodeIgniter\Router\AutoRouter->getRoute('kolcson/kolcsonmod', 'post')
 2 SYSTEMPATH\Router\Router.php(210): CodeIgniter\Router\Router->autoRoute('kolcson/kolcsonmod')
 3 SYSTEMPATH\CodeIgniter.php(823): CodeIgniter\Router\Router->handle('kolcson/kolcsonmod')
 4 SYSTEMPATH\CodeIgniter.php(450): CodeIgniter\CodeIgniter->tryToRouteIt(Object(CodeIgniter\Router\RouteCollection))
 5 SYSTEMPATH\CodeIgniter.php(361): CodeIgniter\CodeIgniter->handleRequest(null, Object(Config\Cache), false)
 6 FCPATH\index.php(79): CodeIgniter\CodeIgniter->run()
CRITICAL - 2024-05-09 14:18:51 --> syntax error, unexpected token "else", expecting "function" or "const"
in APPPATH\Controllers\Kolcson.php on line 212.
 1 SYSTEMPATH\Router\Router.php(514): CodeIgniter\Router\AutoRouter->getRoute('kolcson/rendelesek', 'post')
 2 SYSTEMPATH\Router\Router.php(210): CodeIgniter\Router\Router->autoRoute('kolcson/rendelesek')
 3 SYSTEMPATH\CodeIgniter.php(823): CodeIgniter\Router\Router->handle('kolcson/rendelesek')
 4 SYSTEMPATH\CodeIgniter.php(450): CodeIgniter\CodeIgniter->tryToRouteIt(Object(CodeIgniter\Router\RouteCollection))
 5 SYSTEMPATH\CodeIgniter.php(361): CodeIgniter\CodeIgniter->handleRequest(null, Object(Config\Cache), false)
 6 FCPATH\index.php(79): CodeIgniter\CodeIgniter->run()
CRITICAL - 2024-05-09 17:38:42 --> Attempt to read property "id" on null
in APPPATH\Controllers\Kolcson.php on line 121.
 1 APPPATH\Controllers\Kolcson.php(121): CodeIgniter\Debug\Exceptions->errorHandler(2, 'Attempt to read property "id" on null', 'C:\\xampp\\htdocs\\autokolcsonzo\\app\\Controllers\\Kolcson.php', 121)
 2 SYSTEMPATH\CodeIgniter.php(942): App\Controllers\Kolcson->kolcsontorolid()
 3 SYSTEMPATH\CodeIgniter.php(502): CodeIgniter\CodeIgniter->runController(Object(App\Controllers\Kolcson))
 4 SYSTEMPATH\CodeIgniter.php(361): CodeIgniter\CodeIgniter->handleRequest(null, Object(Config\Cache), false)
 5 FCPATH\index.php(79): CodeIgniter\CodeIgniter->run()
