CRITICAL - 2024-04-09 20:27:37 --> Unclosed '{' on line 24 does not match ')'
in APPPATH\Models\Berlok.php on line 25.
 1 SYSTEMPATH\Autoloader\Autoloader.php(291): CodeIgniter\Autoloader\Autoloader->includeFile('C:\\xampp\\htdocs\\autokolcsonzo\\app\\Models\\Berlok.php')
 2 SYSTEMPATH\Autoloader\Autoloader.php(269): CodeIgniter\Autoloader\Autoloader->loadInNamespace('App\\Models\\Berlok')
 3 [internal function]: CodeIgniter\Autoloader\Autoloader->loadClass('App\\Models\\Berlok')
 4 SYSTEMPATH\Config\Factories.php(283): class_exists('App\\Models\\Berlok')
 5 SYSTEMPATH\Config\Factories.php(202): CodeIgniter\Config\Factories::locateClass([...], 'App\\Models\\Berlok')
 6 SYSTEMPATH\Config\Factories.php(161): CodeIgniter\Config\Factories::getDefinedInstance([...], 'App\\Models\\Berlok', [...])
 7 SYSTEMPATH\Common.php(827): CodeIgniter\Config\Factories::__callStatic('models', [...])
 8 APPPATH\Controllers\Admin.php(71): model('App\\Models\\Berlok')
 9 SYSTEMPATH\CodeIgniter.php(942): App\Controllers\Admin->register()
10 SYSTEMPATH\CodeIgniter.php(502): CodeIgniter\CodeIgniter->runController(Object(App\Controllers\Admin))
11 SYSTEMPATH\CodeIgniter.php(361): CodeIgniter\CodeIgniter->handleRequest(null, Object(Config\Cache), false)
12 FCPATH\index.php(79): CodeIgniter\CodeIgniter->run()
CRITICAL - 2024-04-09 20:42:55 --> syntax error, unexpected token "{"
in APPPATH\Controllers\Admin.php on line 65.
 1 SYSTEMPATH\Router\Router.php(514): CodeIgniter\Router\AutoRouter->getRoute('admin/register', 'post')
 2 SYSTEMPATH\Router\Router.php(210): CodeIgniter\Router\Router->autoRoute('admin/register')
 3 SYSTEMPATH\CodeIgniter.php(823): CodeIgniter\Router\Router->handle('admin/register')
 4 SYSTEMPATH\CodeIgniter.php(450): CodeIgniter\CodeIgniter->tryToRouteIt(Object(CodeIgniter\Router\RouteCollection))
 5 SYSTEMPATH\CodeIgniter.php(361): CodeIgniter\CodeIgniter->handleRequest(null, Object(Config\Cache), false)
 6 FCPATH\index.php(79): CodeIgniter\CodeIgniter->run()
ERROR - 2024-04-09 21:49:11 --> mysqli_sql_exception: Duplicate entry 'takacs@gmail.com' for key 'email' in C:\xampp\htdocs\autokolcsonzo\system\Database\MySQLi\Connection.php:306
Stack trace:
#0 C:\xampp\htdocs\autokolcsonzo\system\Database\MySQLi\Connection.php(306): mysqli->query('INSERT INTO `be...', 0)
#1 C:\xampp\htdocs\autokolcsonzo\system\Database\BaseConnection.php(693): CodeIgniter\Database\MySQLi\Connection->execute('INSERT INTO `be...')
#2 C:\xampp\htdocs\autokolcsonzo\system\Database\BaseConnection.php(607): CodeIgniter\Database\BaseConnection->simpleQuery('INSERT INTO `be...')
#3 C:\xampp\htdocs\autokolcsonzo\system\Database\BaseBuilder.php(2308): CodeIgniter\Database\BaseConnection->query('INSERT INTO `be...', Array, false)
#4 C:\xampp\htdocs\autokolcsonzo\system\Model.php(319): CodeIgniter\Database\BaseBuilder->insert()
#5 C:\xampp\htdocs\autokolcsonzo\system\BaseModel.php(788): CodeIgniter\Model->doInsert(Array)
#6 C:\xampp\htdocs\autokolcsonzo\system\Model.php(715): CodeIgniter\BaseModel->insert(Array, false)
#7 C:\xampp\htdocs\autokolcsonzo\app\Models\Berlok.php(19): CodeIgniter\Model->insert(Array, false)
#8 C:\xampp\htdocs\autokolcsonzo\app\Controllers\Admin.php(82): App\Models\Berlok->insAdat(Array)
#9 C:\xampp\htdocs\autokolcsonzo\system\CodeIgniter.php(942): App\Controllers\Admin->register()
#10 C:\xampp\htdocs\autokolcsonzo\system\CodeIgniter.php(502): CodeIgniter\CodeIgniter->runController(Object(App\Controllers\Admin))
#11 C:\xampp\htdocs\autokolcsonzo\system\CodeIgniter.php(361): CodeIgniter\CodeIgniter->handleRequest(NULL, Object(Config\Cache), false)
#12 C:\xampp\htdocs\autokolcsonzo\public\index.php(79): CodeIgniter\CodeIgniter->run()
#13 {main}
CRITICAL - 2024-04-09 21:49:11 --> Duplicate entry 'takacs@gmail.com' for key 'email'
in SYSTEMPATH\Database\BaseConnection.php on line 647.
 1 SYSTEMPATH\Database\BaseBuilder.php(2308): CodeIgniter\Database\BaseConnection->query('INSERT INTO `berlok` (`nev`, `email`, `jelszo`) VALUES (:nev:, :email:, :jelszo:)', [...], false)
 2 SYSTEMPATH\Model.php(319): CodeIgniter\Database\BaseBuilder->insert()
 3 SYSTEMPATH\BaseModel.php(788): CodeIgniter\Model->doInsert([...])
 4 SYSTEMPATH\Model.php(715): CodeIgniter\BaseModel->insert([...], false)
 5 APPPATH\Models\Berlok.php(19): CodeIgniter\Model->insert([...], false)
 6 APPPATH\Controllers\Admin.php(82): App\Models\Berlok->insAdat([...])
 7 SYSTEMPATH\CodeIgniter.php(942): App\Controllers\Admin->register()
 8 SYSTEMPATH\CodeIgniter.php(502): CodeIgniter\CodeIgniter->runController(Object(App\Controllers\Admin))
 9 SYSTEMPATH\CodeIgniter.php(361): CodeIgniter\CodeIgniter->handleRequest(null, Object(Config\Cache), false)
10 FCPATH\index.php(79): CodeIgniter\CodeIgniter->run()
ERROR - 2024-04-09 21:51:34 --> mysqli_sql_exception: Duplicate entry 'takacs@gmail.com' for key 'email' in C:\xampp\htdocs\autokolcsonzo\system\Database\MySQLi\Connection.php:306
Stack trace:
#0 C:\xampp\htdocs\autokolcsonzo\system\Database\MySQLi\Connection.php(306): mysqli->query('INSERT INTO `be...', 0)
#1 C:\xampp\htdocs\autokolcsonzo\system\Database\BaseConnection.php(693): CodeIgniter\Database\MySQLi\Connection->execute('INSERT INTO `be...')
#2 C:\xampp\htdocs\autokolcsonzo\system\Database\BaseConnection.php(607): CodeIgniter\Database\BaseConnection->simpleQuery('INSERT INTO `be...')
#3 C:\xampp\htdocs\autokolcsonzo\system\Database\BaseBuilder.php(2308): CodeIgniter\Database\BaseConnection->query('INSERT INTO `be...', Array, false)
#4 C:\xampp\htdocs\autokolcsonzo\system\Model.php(319): CodeIgniter\Database\BaseBuilder->insert()
#5 C:\xampp\htdocs\autokolcsonzo\system\BaseModel.php(788): CodeIgniter\Model->doInsert(Array)
#6 C:\xampp\htdocs\autokolcsonzo\system\Model.php(715): CodeIgniter\BaseModel->insert(Array, false)
#7 C:\xampp\htdocs\autokolcsonzo\app\Models\Berlok.php(19): CodeIgniter\Model->insert(Array, false)
#8 C:\xampp\htdocs\autokolcsonzo\app\Controllers\Admin.php(82): App\Models\Berlok->insAdat(Array)
#9 C:\xampp\htdocs\autokolcsonzo\system\CodeIgniter.php(942): App\Controllers\Admin->register()
#10 C:\xampp\htdocs\autokolcsonzo\system\CodeIgniter.php(502): CodeIgniter\CodeIgniter->runController(Object(App\Controllers\Admin))
#11 C:\xampp\htdocs\autokolcsonzo\system\CodeIgniter.php(361): CodeIgniter\CodeIgniter->handleRequest(NULL, Object(Config\Cache), false)
#12 C:\xampp\htdocs\autokolcsonzo\public\index.php(79): CodeIgniter\CodeIgniter->run()
#13 {main}
CRITICAL - 2024-04-09 21:51:34 --> Duplicate entry 'takacs@gmail.com' for key 'email'
in SYSTEMPATH\Database\BaseConnection.php on line 647.
 1 SYSTEMPATH\Database\BaseBuilder.php(2308): CodeIgniter\Database\BaseConnection->query('INSERT INTO `berlok` (`nev`, `email`, `jelszo`) VALUES (:nev:, :email:, :jelszo:)', [...], false)
 2 SYSTEMPATH\Model.php(319): CodeIgniter\Database\BaseBuilder->insert()
 3 SYSTEMPATH\BaseModel.php(788): CodeIgniter\Model->doInsert([...])
 4 SYSTEMPATH\Model.php(715): CodeIgniter\BaseModel->insert([...], false)
 5 APPPATH\Models\Berlok.php(19): CodeIgniter\Model->insert([...], false)
 6 APPPATH\Controllers\Admin.php(82): App\Models\Berlok->insAdat([...])
 7 SYSTEMPATH\CodeIgniter.php(942): App\Controllers\Admin->register()
 8 SYSTEMPATH\CodeIgniter.php(502): CodeIgniter\CodeIgniter->runController(Object(App\Controllers\Admin))
 9 SYSTEMPATH\CodeIgniter.php(361): CodeIgniter\CodeIgniter->handleRequest(null, Object(Config\Cache), false)
10 FCPATH\index.php(79): CodeIgniter\CodeIgniter->run()
ERROR - 2024-04-09 21:52:39 --> mysqli_sql_exception: Duplicate entry 'cat3@gmail.com' for key 'email' in C:\xampp\htdocs\autokolcsonzo\system\Database\MySQLi\Connection.php:306
Stack trace:
#0 C:\xampp\htdocs\autokolcsonzo\system\Database\MySQLi\Connection.php(306): mysqli->query('INSERT INTO `be...', 0)
#1 C:\xampp\htdocs\autokolcsonzo\system\Database\BaseConnection.php(693): CodeIgniter\Database\MySQLi\Connection->execute('INSERT INTO `be...')
#2 C:\xampp\htdocs\autokolcsonzo\system\Database\BaseConnection.php(607): CodeIgniter\Database\BaseConnection->simpleQuery('INSERT INTO `be...')
#3 C:\xampp\htdocs\autokolcsonzo\system\Database\BaseBuilder.php(2308): CodeIgniter\Database\BaseConnection->query('INSERT INTO `be...', Array, false)
#4 C:\xampp\htdocs\autokolcsonzo\system\Model.php(319): CodeIgniter\Database\BaseBuilder->insert()
#5 C:\xampp\htdocs\autokolcsonzo\system\BaseModel.php(788): CodeIgniter\Model->doInsert(Array)
#6 C:\xampp\htdocs\autokolcsonzo\system\Model.php(715): CodeIgniter\BaseModel->insert(Array, false)
#7 C:\xampp\htdocs\autokolcsonzo\app\Models\Berlok.php(19): CodeIgniter\Model->insert(Array, false)
#8 C:\xampp\htdocs\autokolcsonzo\app\Controllers\Admin.php(82): App\Models\Berlok->insAdat(Array)
#9 C:\xampp\htdocs\autokolcsonzo\system\CodeIgniter.php(942): App\Controllers\Admin->register()
#10 C:\xampp\htdocs\autokolcsonzo\system\CodeIgniter.php(502): CodeIgniter\CodeIgniter->runController(Object(App\Controllers\Admin))
#11 C:\xampp\htdocs\autokolcsonzo\system\CodeIgniter.php(361): CodeIgniter\CodeIgniter->handleRequest(NULL, Object(Config\Cache), false)
#12 C:\xampp\htdocs\autokolcsonzo\public\index.php(79): CodeIgniter\CodeIgniter->run()
#13 {main}
CRITICAL - 2024-04-09 21:52:39 --> Duplicate entry 'cat3@gmail.com' for key 'email'
in SYSTEMPATH\Database\BaseConnection.php on line 647.
 1 SYSTEMPATH\Database\BaseBuilder.php(2308): CodeIgniter\Database\BaseConnection->query('INSERT INTO `berlok` (`nev`, `email`, `jelszo`) VALUES (:nev:, :email:, :jelszo:)', [...], false)
 2 SYSTEMPATH\Model.php(319): CodeIgniter\Database\BaseBuilder->insert()
 3 SYSTEMPATH\BaseModel.php(788): CodeIgniter\Model->doInsert([...])
 4 SYSTEMPATH\Model.php(715): CodeIgniter\BaseModel->insert([...], false)
 5 APPPATH\Models\Berlok.php(19): CodeIgniter\Model->insert([...], false)
 6 APPPATH\Controllers\Admin.php(82): App\Models\Berlok->insAdat([...])
 7 SYSTEMPATH\CodeIgniter.php(942): App\Controllers\Admin->register()
 8 SYSTEMPATH\CodeIgniter.php(502): CodeIgniter\CodeIgniter->runController(Object(App\Controllers\Admin))
 9 SYSTEMPATH\CodeIgniter.php(361): CodeIgniter\CodeIgniter->handleRequest(null, Object(Config\Cache), false)
10 FCPATH\index.php(79): CodeIgniter\CodeIgniter->run()
ERROR - 2024-04-09 21:54:17 --> mysqli_sql_exception: Duplicate entry 'takacs@gmail.com' for key 'email' in C:\xampp\htdocs\autokolcsonzo\system\Database\MySQLi\Connection.php:306
Stack trace:
#0 C:\xampp\htdocs\autokolcsonzo\system\Database\MySQLi\Connection.php(306): mysqli->query('INSERT INTO `be...', 0)
#1 C:\xampp\htdocs\autokolcsonzo\system\Database\BaseConnection.php(693): CodeIgniter\Database\MySQLi\Connection->execute('INSERT INTO `be...')
#2 C:\xampp\htdocs\autokolcsonzo\system\Database\BaseConnection.php(607): CodeIgniter\Database\BaseConnection->simpleQuery('INSERT INTO `be...')
#3 C:\xampp\htdocs\autokolcsonzo\system\Database\BaseBuilder.php(2308): CodeIgniter\Database\BaseConnection->query('INSERT INTO `be...', Array, false)
#4 C:\xampp\htdocs\autokolcsonzo\system\Model.php(319): CodeIgniter\Database\BaseBuilder->insert()
#5 C:\xampp\htdocs\autokolcsonzo\system\BaseModel.php(788): CodeIgniter\Model->doInsert(Array)
#6 C:\xampp\htdocs\autokolcsonzo\system\Model.php(715): CodeIgniter\BaseModel->insert(Array, false)
#7 C:\xampp\htdocs\autokolcsonzo\app\Models\Berlok.php(19): CodeIgniter\Model->insert(Array, false)
#8 C:\xampp\htdocs\autokolcsonzo\app\Controllers\Admin.php(82): App\Models\Berlok->insAdat(Array)
#9 C:\xampp\htdocs\autokolcsonzo\system\CodeIgniter.php(942): App\Controllers\Admin->register()
#10 C:\xampp\htdocs\autokolcsonzo\system\CodeIgniter.php(502): CodeIgniter\CodeIgniter->runController(Object(App\Controllers\Admin))
#11 C:\xampp\htdocs\autokolcsonzo\system\CodeIgniter.php(361): CodeIgniter\CodeIgniter->handleRequest(NULL, Object(Config\Cache), false)
#12 C:\xampp\htdocs\autokolcsonzo\public\index.php(79): CodeIgniter\CodeIgniter->run()
#13 {main}
CRITICAL - 2024-04-09 21:54:17 --> Duplicate entry 'takacs@gmail.com' for key 'email'
in SYSTEMPATH\Database\BaseConnection.php on line 647.
 1 SYSTEMPATH\Database\BaseBuilder.php(2308): CodeIgniter\Database\BaseConnection->query('INSERT INTO `berlok` (`nev`, `email`, `jelszo`) VALUES (:nev:, :email:, :jelszo:)', [...], false)
 2 SYSTEMPATH\Model.php(319): CodeIgniter\Database\BaseBuilder->insert()
 3 SYSTEMPATH\BaseModel.php(788): CodeIgniter\Model->doInsert([...])
 4 SYSTEMPATH\Model.php(715): CodeIgniter\BaseModel->insert([...], false)
 5 APPPATH\Models\Berlok.php(19): CodeIgniter\Model->insert([...], false)
 6 APPPATH\Controllers\Admin.php(82): App\Models\Berlok->insAdat([...])
 7 SYSTEMPATH\CodeIgniter.php(942): App\Controllers\Admin->register()
 8 SYSTEMPATH\CodeIgniter.php(502): CodeIgniter\CodeIgniter->runController(Object(App\Controllers\Admin))
 9 SYSTEMPATH\CodeIgniter.php(361): CodeIgniter\CodeIgniter->handleRequest(null, Object(Config\Cache), false)
10 FCPATH\index.php(79): CodeIgniter\CodeIgniter->run()
ERROR - 2024-04-09 21:57:45 --> mysqli_sql_exception: Duplicate entry 'takacs@gmail.com' for key 'email' in C:\xampp\htdocs\autokolcsonzo\system\Database\MySQLi\Connection.php:306
Stack trace:
#0 C:\xampp\htdocs\autokolcsonzo\system\Database\MySQLi\Connection.php(306): mysqli->query('INSERT INTO `be...', 0)
#1 C:\xampp\htdocs\autokolcsonzo\system\Database\BaseConnection.php(693): CodeIgniter\Database\MySQLi\Connection->execute('INSERT INTO `be...')
#2 C:\xampp\htdocs\autokolcsonzo\system\Database\BaseConnection.php(607): CodeIgniter\Database\BaseConnection->simpleQuery('INSERT INTO `be...')
#3 C:\xampp\htdocs\autokolcsonzo\system\Database\BaseBuilder.php(2308): CodeIgniter\Database\BaseConnection->query('INSERT INTO `be...', Array, false)
#4 C:\xampp\htdocs\autokolcsonzo\system\Model.php(319): CodeIgniter\Database\BaseBuilder->insert()
#5 C:\xampp\htdocs\autokolcsonzo\system\BaseModel.php(788): CodeIgniter\Model->doInsert(Array)
#6 C:\xampp\htdocs\autokolcsonzo\system\Model.php(715): CodeIgniter\BaseModel->insert(Array, false)
#7 C:\xampp\htdocs\autokolcsonzo\app\Models\Berlok.php(19): CodeIgniter\Model->insert(Array, false)
#8 C:\xampp\htdocs\autokolcsonzo\app\Controllers\Admin.php(82): App\Models\Berlok->insAdat(Array)
#9 C:\xampp\htdocs\autokolcsonzo\system\CodeIgniter.php(942): App\Controllers\Admin->register()
#10 C:\xampp\htdocs\autokolcsonzo\system\CodeIgniter.php(502): CodeIgniter\CodeIgniter->runController(Object(App\Controllers\Admin))
#11 C:\xampp\htdocs\autokolcsonzo\system\CodeIgniter.php(361): CodeIgniter\CodeIgniter->handleRequest(NULL, Object(Config\Cache), false)
#12 C:\xampp\htdocs\autokolcsonzo\public\index.php(79): CodeIgniter\CodeIgniter->run()
#13 {main}
CRITICAL - 2024-04-09 21:57:45 --> Duplicate entry 'takacs@gmail.com' for key 'email'
in SYSTEMPATH\Database\BaseConnection.php on line 647.
 1 SYSTEMPATH\Database\BaseBuilder.php(2308): CodeIgniter\Database\BaseConnection->query('INSERT INTO `berlok` (`nev`, `email`, `jelszo`) VALUES (:nev:, :email:, :jelszo:)', [...], false)
 2 SYSTEMPATH\Model.php(319): CodeIgniter\Database\BaseBuilder->insert()
 3 SYSTEMPATH\BaseModel.php(788): CodeIgniter\Model->doInsert([...])
 4 SYSTEMPATH\Model.php(715): CodeIgniter\BaseModel->insert([...], false)
 5 APPPATH\Models\Berlok.php(19): CodeIgniter\Model->insert([...], false)
 6 APPPATH\Controllers\Admin.php(82): App\Models\Berlok->insAdat([...])
 7 SYSTEMPATH\CodeIgniter.php(942): App\Controllers\Admin->register()
 8 SYSTEMPATH\CodeIgniter.php(502): CodeIgniter\CodeIgniter->runController(Object(App\Controllers\Admin))
 9 SYSTEMPATH\CodeIgniter.php(361): CodeIgniter\CodeIgniter->handleRequest(null, Object(Config\Cache), false)
10 FCPATH\index.php(79): CodeIgniter\CodeIgniter->run()
ERROR - 2024-04-09 21:57:50 --> mysqli_sql_exception: Duplicate entry 'takacs@gmail.com' for key 'email' in C:\xampp\htdocs\autokolcsonzo\system\Database\MySQLi\Connection.php:306
Stack trace:
#0 C:\xampp\htdocs\autokolcsonzo\system\Database\MySQLi\Connection.php(306): mysqli->query('INSERT INTO `be...', 0)
#1 C:\xampp\htdocs\autokolcsonzo\system\Database\BaseConnection.php(693): CodeIgniter\Database\MySQLi\Connection->execute('INSERT INTO `be...')
#2 C:\xampp\htdocs\autokolcsonzo\system\Database\BaseConnection.php(607): CodeIgniter\Database\BaseConnection->simpleQuery('INSERT INTO `be...')
#3 C:\xampp\htdocs\autokolcsonzo\system\Database\BaseBuilder.php(2308): CodeIgniter\Database\BaseConnection->query('INSERT INTO `be...', Array, false)
#4 C:\xampp\htdocs\autokolcsonzo\system\Model.php(319): CodeIgniter\Database\BaseBuilder->insert()
#5 C:\xampp\htdocs\autokolcsonzo\system\BaseModel.php(788): CodeIgniter\Model->doInsert(Array)
#6 C:\xampp\htdocs\autokolcsonzo\system\Model.php(715): CodeIgniter\BaseModel->insert(Array, false)
#7 C:\xampp\htdocs\autokolcsonzo\app\Models\Berlok.php(19): CodeIgniter\Model->insert(Array, false)
#8 C:\xampp\htdocs\autokolcsonzo\app\Controllers\Admin.php(82): App\Models\Berlok->insAdat(Array)
#9 C:\xampp\htdocs\autokolcsonzo\system\CodeIgniter.php(942): App\Controllers\Admin->register()
#10 C:\xampp\htdocs\autokolcsonzo\system\CodeIgniter.php(502): CodeIgniter\CodeIgniter->runController(Object(App\Controllers\Admin))
#11 C:\xampp\htdocs\autokolcsonzo\system\CodeIgniter.php(361): CodeIgniter\CodeIgniter->handleRequest(NULL, Object(Config\Cache), false)
#12 C:\xampp\htdocs\autokolcsonzo\public\index.php(79): CodeIgniter\CodeIgniter->run()
#13 {main}
CRITICAL - 2024-04-09 21:57:50 --> Duplicate entry 'takacs@gmail.com' for key 'email'
in SYSTEMPATH\Database\BaseConnection.php on line 647.
 1 SYSTEMPATH\Database\BaseBuilder.php(2308): CodeIgniter\Database\BaseConnection->query('INSERT INTO `berlok` (`nev`, `email`, `jelszo`) VALUES (:nev:, :email:, :jelszo:)', [...], false)
 2 SYSTEMPATH\Model.php(319): CodeIgniter\Database\BaseBuilder->insert()
 3 SYSTEMPATH\BaseModel.php(788): CodeIgniter\Model->doInsert([...])
 4 SYSTEMPATH\Model.php(715): CodeIgniter\BaseModel->insert([...], false)
 5 APPPATH\Models\Berlok.php(19): CodeIgniter\Model->insert([...], false)
 6 APPPATH\Controllers\Admin.php(82): App\Models\Berlok->insAdat([...])
 7 SYSTEMPATH\CodeIgniter.php(942): App\Controllers\Admin->register()
 8 SYSTEMPATH\CodeIgniter.php(502): CodeIgniter\CodeIgniter->runController(Object(App\Controllers\Admin))
 9 SYSTEMPATH\CodeIgniter.php(361): CodeIgniter\CodeIgniter->handleRequest(null, Object(Config\Cache), false)
10 FCPATH\index.php(79): CodeIgniter\CodeIgniter->run()
